Fetching stock prices at 2026-03-12T20:25:01.147155
✓ IREN: $41.9800 (+10.13%)
✓ CIFR: $14.1100 (+1.07%)
✓ STRC: $100.0300 (+0.01%)
✓ SPX: $6775.7998 (-0.08%)
✓ NDX: $24965.0098 (+0.03%)
✓ GOLD: $5182.3999 (+0.29%)
✓ SILVER: $86.9850 (+2.26%)
✓ USDAUD: $1.4027 (-0.11%)

✓ Saved to /home/amak/findamak.github.io/stock-prices.json
  Total tickers: 8
Fetching stock prices at 2026-03-12T20:30:00.828927
✓ IREN: $41.9800 (+10.13%)
✓ CIFR: $14.1100 (+1.07%)
✓ STRC: $100.0300 (+0.01%)
✓ SPX: $6775.7998 (-0.08%)
✓ NDX: $24965.0098 (+0.03%)
✓ GOLD: $5182.3999 (+0.29%)
✓ SILVER: $87.0600 (+2.35%)
✓ USDAUD: $1.4026 (-0.12%)

✓ Saved to /home/amak/findamak.github.io/stock-prices.json
  Total tickers: 8
[main e5b5748] Update stock prices at 2026-03-12 20:35
 1 file changed, 8 insertions(+), 8 deletions(-)
To https://github.com/findamak/findamak.github.io.git
   0d33dd1..e5b5748  main -> main
Fetching stock prices at 2026-03-12T20:35:00.610654
✓ IREN: $41.9800 (+10.13%)
✓ CIFR: $14.1100 (+1.07%)
✓ STRC: $100.0300 (+0.01%)
✓ SPX: $6775.7998 (-0.08%)
✓ NDX: $24965.0098 (+0.03%)
✓ GOLD: $5181.8999 (+0.28%)
✓ SILVER: $87.0150 (+2.29%)
✓ USDAUD: $1.4016 (-0.19%)

✓ Saved to /home/amak/findamak.github.io/stock-prices.json
  Total tickers: 8

Pushing to GitHub...
✓ Pushed to GitHub
[main ef6e964] Update stock prices at 2026-03-12 20:40
 1 file changed, 6 insertions(+), 6 deletions(-)
To https://github.com/findamak/findamak.github.io.git
   327ff4b..ef6e964  main -> main
Fetching stock prices at 2026-03-12T20:40:01.260711
✓ IREN: $41.9800 (+10.13%)
✓ CIFR: $14.1100 (+1.07%)
✓ STRC: $100.0300 (+0.01%)
✓ SPX: $6775.7998 (-0.08%)
✓ NDX: $24965.0098 (+0.03%)
✓ GOLD: $5186.2002 (+0.36%)
✓ SILVER: $87.0350 (+2.32%)
✓ USDAUD: $1.4017 (-0.19%)

✓ Saved to /home/amak/findamak.github.io/stock-prices.json
  Total tickers: 8

Pushing to GitHub...
✓ Pushed to GitHub
[main 97dd424] Update stock prices at 2026-03-12 20:45
 1 file changed, 7 insertions(+), 7 deletions(-)
To https://github.com/findamak/findamak.github.io.git
   c8cddf8..97dd424  main -> main
Fetching stock prices at 2026-03-12T20:45:01.200231
✓ IREN: $41.9800 (+10.13%)
✓ CIFR: $14.1100 (+1.07%)
✓ STRC: $100.0300 (+0.01%)
✓ SPX: $6775.7998 (-0.08%)
✓ NDX: $24965.0098 (+0.03%)
✓ GOLD: $5189.7002 (+0.43%)
✓ SILVER: $87.1450 (+2.45%)
✓ USDAUD: $1.4009 (-0.24%)

✓ Saved to /home/amak/findamak.github.io/stock-prices.json
  Total tickers: 8

Pushing to GitHub...
✓ Pushed to GitHub
[main 6406fa8] Update stock prices at 2026-03-12 20:50
 1 file changed, 7 insertions(+), 7 deletions(-)
To https://github.com/findamak/findamak.github.io.git
   97dd424..6406fa8  main -> main
Fetching stock prices at 2026-03-12T20:50:01.551736
✓ IREN: $41.9800 (+10.13%)
✓ CIFR: $14.1100 (+1.07%)
✓ STRC: $100.0300 (+0.01%)
✓ SPX: $6775.7998 (-0.08%)
✓ NDX: $24965.0098 (+0.03%)
✓ GOLD: $5190.2998 (+0.44%)
✓ SILVER: $87.2700 (+2.59%)
✓ USDAUD: $1.4012 (-0.22%)

✓ Saved to /home/amak/findamak.github.io/stock-prices.json
  Total tickers: 8

Pushing to GitHub...
✓ Pushed to GitHub
[main c82ccc9] Update stock prices at 2026-03-12 20:55
 1 file changed, 7 insertions(+), 7 deletions(-)
To https://github.com/findamak/findamak.github.io.git
   6406fa8..c82ccc9  main -> main
Fetching stock prices at 2026-03-12T20:55:01.038770
✓ IREN: $41.9800 (+10.13%)
✓ CIFR: $14.1100 (+1.07%)
✓ STRC: $100.0300 (+0.01%)
✓ SPX: $6775.7998 (-0.08%)
✓ NDX: $24965.0098 (+0.03%)
✓ GOLD: $5191.0000 (+0.46%)
✓ SILVER: $87.1850 (+2.49%)
✓ USDAUD: $1.4005 (-0.27%)

✓ Saved to /home/amak/findamak.github.io/stock-prices.json
  Total tickers: 8

Pushing to GitHub...
✓ Pushed to GitHub
[main bfd1334] Update stock prices at 2026-03-12 21:00
 1 file changed, 7 insertions(+), 7 deletions(-)
To https://github.com/findamak/findamak.github.io.git
   c82ccc9..bfd1334  main -> main
Fetching stock prices at 2026-03-12T21:00:01.510985
✓ IREN: $41.9800 (+10.13%)
✓ CIFR: $14.1100 (+1.07%)
✓ STRC: $100.0300 (+0.01%)
✓ SPX: $6775.7998 (-0.08%)
✓ NDX: $24965.0098 (+0.03%)
✓ GOLD: $5190.0000 (+0.44%)
✓ SILVER: $87.0900 (+2.38%)
✓ USDAUD: $1.4004 (-0.28%)

✓ Saved to /home/amak/findamak.github.io/stock-prices.json
  Total tickers: 8

Pushing to GitHub...
✓ Pushed to GitHub
[main 44588d7] Update stock prices at 2026-03-12 21:05
 1 file changed, 6 insertions(+), 6 deletions(-)
To https://github.com/findamak/findamak.github.io.git
   bfd1334..44588d7  main -> main
Fetching stock prices at 2026-03-12T21:05:01.305608
✓ IREN: $41.9800 (+10.13%)
✓ CIFR: $14.1100 (+1.07%)
✓ STRC: $100.0300 (+0.01%)
✓ SPX: $6775.7998 (-0.08%)
✓ NDX: $24965.0098 (+0.03%)
✓ GOLD: $5189.8999 (+0.44%)
✓ SILVER: $87.0800 (+2.37%)
✓ USDAUD: $1.4006 (-0.26%)

✓ Saved to /home/amak/findamak.github.io/stock-prices.json
  Total tickers: 8

Pushing to GitHub...
✓ Pushed to GitHub
[main 3ebd8d7] Update stock prices at 2026-03-12 21:10
 1 file changed, 7 insertions(+), 7 deletions(-)
To https://github.com/findamak/findamak.github.io.git
   44588d7..3ebd8d7  main -> main
Fetching stock prices at 2026-03-12T21:10:00.918890
✓ IREN: $41.9800 (+10.13%)
✓ CIFR: $14.1100 (+1.07%)
✓ STRC: $100.0300 (+0.01%)
✓ SPX: $6775.7998 (-0.08%)
✓ NDX: $24965.0098 (+0.03%)
✓ GOLD: $5193.7002 (+0.51%)
✓ SILVER: $87.2600 (+2.58%)
✓ USDAUD: $1.4014 (-0.21%)

✓ Saved to /home/amak/findamak.github.io/stock-prices.json
  Total tickers: 8

Pushing to GitHub...
✓ Pushed to GitHub
[main 437c490] Update stock prices at 2026-03-12 21:15
 1 file changed, 7 insertions(+), 7 deletions(-)
To https://github.com/findamak/findamak.github.io.git
   3ebd8d7..437c490  main -> main
Fetching stock prices at 2026-03-12T21:15:00.831665
✓ IREN: $41.9800 (+10.13%)
✓ CIFR: $14.1100 (+1.07%)
✓ STRC: $100.0300 (+0.01%)
✓ SPX: $6775.7998 (-0.08%)
✓ NDX: $24965.0098 (+0.03%)
✓ GOLD: $5195.3999 (+0.54%)
✓ SILVER: $87.2200 (+2.53%)
✓ USDAUD: $1.4016 (-0.19%)

✓ Saved to /home/amak/findamak.github.io/stock-prices.json
  Total tickers: 8

Pushing to GitHub...
✓ Pushed to GitHub
[main bf77b8b] Update stock prices at 2026-03-12 21:20
 1 file changed, 7 insertions(+), 7 deletions(-)
To https://github.com/findamak/findamak.github.io.git
   437c490..bf77b8b  main -> main
Fetching stock prices at 2026-03-12T21:20:00.837846
✓ IREN: $41.9800 (+10.13%)
✓ CIFR: $14.1100 (+1.07%)
✓ STRC: $100.0300 (+0.01%)
✓ SPX: $6775.7998 (-0.08%)
✓ NDX: $24965.0098 (+0.03%)
✓ GOLD: $5194.2002 (+0.52%)
✓ SILVER: $87.2500 (+2.57%)
✓ USDAUD: $1.4020 (-0.16%)

✓ Saved to /home/amak/findamak.github.io/stock-prices.json
  Total tickers: 8

Pushing to GitHub...
✓ Pushed to GitHub
[main ce9d225] Update stock prices at 2026-03-12 21:25
 1 file changed, 7 insertions(+), 7 deletions(-)
To https://github.com/findamak/findamak.github.io.git
   bf77b8b..ce9d225  main -> main
Fetching stock prices at 2026-03-12T21:25:01.003151
✓ IREN: $41.9800 (+10.13%)
✓ CIFR: $14.1100 (+1.07%)
✓ STRC: $100.0300 (+0.01%)
✓ SPX: $6775.7998 (-0.08%)
✓ NDX: $24965.0098 (+0.03%)
✓ GOLD: $5193.6001 (+0.51%)
✓ SILVER: $87.2200 (+2.53%)
✓ USDAUD: $1.4023 (-0.14%)

✓ Saved to /home/amak/findamak.github.io/stock-prices.json
  Total tickers: 8

Pushing to GitHub...
✓ Pushed to GitHub
[main 8a78840] Update stock prices at 2026-03-12 21:30
 1 file changed, 7 insertions(+), 7 deletions(-)
To https://github.com/findamak/findamak.github.io.git
   ce9d225..8a78840  main -> main
Fetching stock prices at 2026-03-12T21:30:00.630387
✓ IREN: $41.9800 (+10.13%)
✓ CIFR: $14.1100 (+1.07%)
✓ STRC: $100.0300 (+0.01%)
✓ SPX: $6775.7998 (-0.08%)
✓ NDX: $24965.0098 (+0.03%)
✓ GOLD: $5191.3999 (+0.46%)
✓ SILVER: $87.0900 (+2.38%)
✓ USDAUD: $1.4020 (-0.16%)

✓ Saved to /home/amak/findamak.github.io/stock-prices.json
  Total tickers: 8

Pushing to GitHub...
✓ Pushed to GitHub
[main 5d77223] Update stock prices at 2026-03-12 21:35
 1 file changed, 6 insertions(+), 6 deletions(-)
To https://github.com/findamak/findamak.github.io.git
   8a78840..5d77223  main -> main
Fetching stock prices at 2026-03-12T21:35:00.749722
✓ IREN: $41.9800 (+10.13%)
✓ CIFR: $14.1100 (+1.07%)
✓ STRC: $100.0300 (+0.01%)
✓ SPX: $6775.7998 (-0.08%)
✓ NDX: $24965.0098 (+0.03%)
✓ GOLD: $5191.2002 (+0.46%)
✓ SILVER: $87.3800 (+2.72%)
✓ USDAUD: $1.4012 (-0.22%)

✓ Saved to /home/amak/findamak.github.io/stock-prices.json
  Total tickers: 8

Pushing to GitHub...
✓ Pushed to GitHub
[main 3574b92] Update stock prices at 2026-03-12 21:40
 1 file changed, 4 insertions(+), 4 deletions(-)
To https://github.com/findamak/findamak.github.io.git
   5d77223..3574b92  main -> main
Fetching stock prices at 2026-03-12T21:40:01.303000
✓ IREN: $41.9800 (+10.13%)
✓ CIFR: $14.1100 (+1.07%)
✓ STRC: $100.0300 (+0.01%)
✓ SPX: $6775.7998 (-0.08%)
✓ NDX: $24965.0098 (+0.03%)
✓ GOLD: $5187.5000 (+0.39%)
✓ SILVER: $87.3750 (+2.72%)
✓ USDAUD: $1.4012 (-0.22%)

✓ Saved to /home/amak/findamak.github.io/stock-prices.json
  Total tickers: 8

Pushing to GitHub...
✓ Pushed to GitHub
[main c8a1551] Update stock prices at 2026-03-12 21:45
 1 file changed, 7 insertions(+), 7 deletions(-)
To https://github.com/findamak/findamak.github.io.git
   3574b92..c8a1551  main -> main
Fetching stock prices at 2026-03-12T21:45:01.159531
✓ IREN: $41.9800 (+10.13%)
✓ CIFR: $14.1100 (+1.07%)
✓ STRC: $100.0300 (+0.01%)
✓ SPX: $6775.7998 (-0.08%)
✓ NDX: $24965.0098 (+0.03%)
✓ GOLD: $5187.2002 (+0.38%)
✓ SILVER: $87.2800 (+2.60%)
✓ USDAUD: $1.4008 (-0.25%)

✓ Saved to /home/amak/findamak.github.io/stock-prices.json
  Total tickers: 8

Pushing to GitHub...
✓ Pushed to GitHub
[main 82c3c17] Update stock prices at 2026-03-12 21:50
 1 file changed, 7 insertions(+), 7 deletions(-)
To https://github.com/findamak/findamak.github.io.git
   c8a1551..82c3c17  main -> main
Fetching stock prices at 2026-03-12T21:50:00.782679
✓ IREN: $41.9800 (+10.13%)
✓ CIFR: $14.1100 (+1.07%)
✓ STRC: $100.0300 (+0.01%)
✓ SPX: $6775.7998 (-0.08%)
✓ NDX: $24965.0098 (+0.03%)
✓ GOLD: $5184.7002 (+0.33%)
✓ SILVER: $87.1350 (+2.43%)
✓ USDAUD: $1.4006 (-0.26%)

✓ Saved to /home/amak/findamak.github.io/stock-prices.json
  Total tickers: 8

Pushing to GitHub...
✓ Pushed to GitHub
[main 043dee3] Update stock prices at 2026-03-12 21:55
 1 file changed, 7 insertions(+), 7 deletions(-)
To https://github.com/findamak/findamak.github.io.git
   82c3c17..043dee3  main -> main
Fetching stock prices at 2026-03-12T21:55:00.923993
✓ IREN: $41.9800 (+10.13%)
✓ CIFR: $14.1100 (+1.07%)
✓ STRC: $100.0300 (+0.01%)
✓ SPX: $6775.7998 (-0.08%)
✓ NDX: $24965.0098 (+0.03%)
✓ GOLD: $5188.1001 (+0.40%)
✓ SILVER: $87.2000 (+2.51%)
✓ USDAUD: $1.4016 (-0.19%)

✓ Saved to /home/amak/findamak.github.io/stock-prices.json
  Total tickers: 8

Pushing to GitHub...
✓ Pushed to GitHub
[main 021fa11] Update stock prices at 2026-03-12 22:00
 1 file changed, 7 insertions(+), 7 deletions(-)
To https://github.com/findamak/findamak.github.io.git
   043dee3..021fa11  main -> main
Fetching stock prices at 2026-03-12T22:00:01.250269
✓ IREN: $41.9800 (+10.13%)
✓ CIFR: $14.1100 (+1.07%)
✓ STRC: $100.0300 (+0.01%)
✓ SPX: $6775.7998 (-0.08%)
✓ NDX: $24965.0098 (+0.03%)
✓ GOLD: $5188.6001 (+0.41%)
✓ SILVER: $87.3150 (+2.65%)
✓ USDAUD: $1.4011 (-0.23%)

✓ Saved to /home/amak/findamak.github.io/stock-prices.json
  Total tickers: 8

Pushing to GitHub...
✓ Pushed to GitHub
[main 754f773] Update stock prices at 2026-03-12 22:05
 1 file changed, 7 insertions(+), 7 deletions(-)
To https://github.com/findamak/findamak.github.io.git
   021fa11..754f773  main -> main
Fetching stock prices at 2026-03-12T22:05:00.915055
✓ IREN: $41.9800 (+10.13%)
✓ CIFR: $14.1100 (+1.07%)
✓ STRC: $100.0300 (+0.01%)
✓ SPX: $6775.7998 (-0.08%)
✓ NDX: $24965.0098 (+0.03%)
✓ GOLD: $5185.8999 (+0.36%)
✓ SILVER: $87.3300 (+2.66%)
✓ USDAUD: $1.4014 (-0.21%)

✓ Saved to /home/amak/findamak.github.io/stock-prices.json
  Total tickers: 8

Pushing to GitHub...
✓ Pushed to GitHub
[main b07ca2f] Update stock prices at 2026-03-12 22:10
 1 file changed, 7 insertions(+), 7 deletions(-)
To https://github.com/findamak/findamak.github.io.git
   754f773..b07ca2f  main -> main
Fetching stock prices at 2026-03-12T22:10:01.318030
✓ IREN: $41.9800 (+10.13%)
✓ CIFR: $14.1100 (+1.07%)
✓ STRC: $100.0300 (+0.01%)
✓ SPX: $6775.7998 (-0.08%)
✓ NDX: $24965.0098 (+0.03%)
✓ GOLD: $5188.1001 (+0.40%)
✓ SILVER: $87.4250 (+2.77%)
✓ USDAUD: $1.4012 (-0.22%)

✓ Saved to /home/amak/findamak.github.io/stock-prices.json
  Total tickers: 8

Pushing to GitHub...
✓ Pushed to GitHub
[main f3dab07] Update stock prices at 2026-03-12 22:15
 1 file changed, 7 insertions(+), 7 deletions(-)
To https://github.com/findamak/findamak.github.io.git
   b07ca2f..f3dab07  main -> main
Fetching stock prices at 2026-03-12T22:15:00.661285
✓ IREN: $41.9800 (+10.13%)
✓ CIFR: $14.1100 (+1.07%)
✓ STRC: $100.0300 (+0.01%)
✓ SPX: $6775.7998 (-0.08%)
✓ NDX: $24965.0098 (+0.03%)
✓ GOLD: $5187.3999 (+0.39%)
✓ SILVER: $87.2700 (+2.59%)
✓ USDAUD: $1.4011 (-0.23%)

✓ Saved to /home/amak/findamak.github.io/stock-prices.json
  Total tickers: 8

Pushing to GitHub...
✓ Pushed to GitHub
[main 88b72d9] Update stock prices at 2026-03-12 22:20
 1 file changed, 6 insertions(+), 6 deletions(-)
To https://github.com/findamak/findamak.github.io.git
   f3dab07..88b72d9  main -> main
Fetching stock prices at 2026-03-12T22:20:00.808174
✓ IREN: $41.9800 (+10.13%)
✓ CIFR: $14.1100 (+1.07%)
✓ STRC: $100.0300 (+0.01%)
✓ SPX: $6775.7998 (-0.08%)
✓ NDX: $24965.0098 (+0.03%)
✓ GOLD: $5187.5000 (+0.39%)
✓ SILVER: $87.1500 (+2.45%)
✓ USDAUD: $1.4005 (-0.27%)

✓ Saved to /home/amak/findamak.github.io/stock-prices.json
  Total tickers: 8

Pushing to GitHub...
✓ Pushed to GitHub
[main 219ebbe] Update stock prices at 2026-03-12 22:25
 1 file changed, 7 insertions(+), 7 deletions(-)
To https://github.com/findamak/findamak.github.io.git
   88b72d9..219ebbe  main -> main
Fetching stock prices at 2026-03-12T22:25:00.947432
✓ IREN: $41.9800 (+10.13%)
✓ CIFR: $14.1100 (+1.07%)
✓ STRC: $100.0300 (+0.01%)
✓ SPX: $6775.7998 (-0.08%)
✓ NDX: $24965.0098 (+0.03%)
✓ GOLD: $5184.8999 (+0.34%)
✓ SILVER: $87.1050 (+2.40%)
✓ USDAUD: $1.3998 (-0.32%)

✓ Saved to /home/amak/findamak.github.io/stock-prices.json
  Total tickers: 8

Pushing to GitHub...
✓ Pushed to GitHub
[main f3ad32f] Update stock prices at 2026-03-12 22:30
 1 file changed, 7 insertions(+), 7 deletions(-)
To https://github.com/findamak/findamak.github.io.git
   219ebbe..f3ad32f  main -> main
Fetching stock prices at 2026-03-12T22:30:01.167868
✓ IREN: $41.9800 (+10.13%)
✓ CIFR: $14.1100 (+1.07%)
✓ STRC: $100.0300 (+0.01%)
✓ SPX: $6775.7998 (-0.08%)
✓ NDX: $24965.0098 (+0.03%)
✓ GOLD: $5180.0000 (+0.24%)
✓ SILVER: $87.0650 (+2.35%)
✓ USDAUD: $1.4002 (-0.29%)

✓ Saved to /home/amak/findamak.github.io/stock-prices.json
  Total tickers: 8

Pushing to GitHub...
✓ Pushed to GitHub
[main 6661bc2] Update stock prices at 2026-03-12 22:35
 1 file changed, 7 insertions(+), 7 deletions(-)
To https://github.com/findamak/findamak.github.io.git
   f3ad32f..6661bc2  main -> main
Fetching stock prices at 2026-03-12T22:35:00.819132
✓ IREN: $41.9800 (+10.13%)
✓ CIFR: $14.1100 (+1.07%)
✓ STRC: $100.0300 (+0.01%)
✓ SPX: $6775.7998 (-0.08%)
✓ NDX: $24965.0098 (+0.03%)
✓ GOLD: $5184.7998 (+0.34%)
✓ SILVER: $87.0900 (+2.38%)
✓ USDAUD: $1.3992 (-0.36%)

✓ Saved to /home/amak/findamak.github.io/stock-prices.json
  Total tickers: 8

Pushing to GitHub...
✓ Pushed to GitHub
[main de7a7aa] Update stock prices at 2026-03-12 22:40
 1 file changed, 7 insertions(+), 7 deletions(-)
To https://github.com/findamak/findamak.github.io.git
   6661bc2..de7a7aa  main -> main
Fetching stock prices at 2026-03-12T22:40:01.232683
✓ IREN: $41.9800 (+10.13%)
✓ CIFR: $14.1100 (+1.07%)
✓ STRC: $100.0300 (+0.01%)
✓ SPX: $6775.7998 (-0.08%)
✓ NDX: $24965.0098 (+0.03%)
✓ GOLD: $5182.7002 (+0.30%)
✓ SILVER: $87.0800 (+2.37%)
✓ USDAUD: $1.3991 (-0.37%)

✓ Saved to /home/amak/findamak.github.io/stock-prices.json
  Total tickers: 8

Pushing to GitHub...
✓ Pushed to GitHub
[main 8aebf33] Update stock prices at 2026-03-12 22:45
 1 file changed, 6 insertions(+), 6 deletions(-)
To https://github.com/findamak/findamak.github.io.git
   de7a7aa..8aebf33  main -> main
Fetching stock prices at 2026-03-12T22:45:01.475109
✓ IREN: $41.9800 (+10.13%)
✓ CIFR: $14.1100 (+1.07%)
✓ STRC: $100.0300 (+0.01%)
✓ SPX: $6775.7998 (-0.08%)
✓ NDX: $24965.0098 (+0.03%)
✓ GOLD: $5183.1001 (+0.30%)
✓ SILVER: $87.1750 (+2.48%)
✓ USDAUD: $1.3989 (-0.39%)

✓ Saved to /home/amak/findamak.github.io/stock-prices.json
  Total tickers: 8

Pushing to GitHub...
✓ Pushed to GitHub
[main 0ada22d] Update stock prices at 2026-03-12 22:50
 1 file changed, 7 insertions(+), 7 deletions(-)
To https://github.com/findamak/findamak.github.io.git
   8aebf33..0ada22d  main -> main
Fetching stock prices at 2026-03-12T22:50:01.437956
✓ IREN: $41.9800 (+10.13%)
✓ CIFR: $14.1100 (+1.07%)
✓ STRC: $100.0300 (+0.01%)
✓ SPX: $6775.7998 (-0.08%)
✓ NDX: $24965.0098 (+0.03%)
✓ GOLD: $5185.5000 (+0.35%)
✓ SILVER: $87.2350 (+2.55%)
✓ USDAUD: $1.3992 (-0.36%)

✓ Saved to /home/amak/findamak.github.io/stock-prices.json
  Total tickers: 8

Pushing to GitHub...
✓ Pushed to GitHub
[main 7f489df] Update stock prices at 2026-03-12 22:55
 1 file changed, 7 insertions(+), 7 deletions(-)
To https://github.com/findamak/findamak.github.io.git
   0ada22d..7f489df  main -> main
Fetching stock prices at 2026-03-12T22:55:00.660243
✓ IREN: $41.9800 (+10.13%)
✓ CIFR: $14.1100 (+1.07%)
✓ STRC: $100.0300 (+0.01%)
✓ SPX: $6775.7998 (-0.08%)
✓ NDX: $24965.0098 (+0.03%)
✓ GOLD: $5186.2998 (+0.37%)
✓ SILVER: $87.2950 (+2.62%)
✓ USDAUD: $1.4005 (-0.27%)

✓ Saved to /home/amak/findamak.github.io/stock-prices.json
  Total tickers: 8

Pushing to GitHub...
✓ Pushed to GitHub
[main 10f4b89] Update stock prices at 2026-03-12 23:00
 1 file changed, 7 insertions(+), 7 deletions(-)
To https://github.com/findamak/findamak.github.io.git
   7f489df..10f4b89  main -> main
Fetching stock prices at 2026-03-12T23:00:01.199831
✓ IREN: $41.9800 (+10.13%)
✓ CIFR: $14.1100 (+1.07%)
✓ STRC: $100.0300 (+0.01%)
✓ SPX: $6775.7998 (-0.08%)
✓ NDX: $24965.0098 (+0.03%)
✓ GOLD: $5184.6001 (+0.33%)
✓ SILVER: $87.1350 (+2.43%)
✓ USDAUD: $1.4006 (-0.26%)

✓ Saved to /home/amak/findamak.github.io/stock-prices.json
  Total tickers: 8

Pushing to GitHub...
✓ Pushed to GitHub
[main 4ee9637] Update stock prices at 2026-03-12 23:05
 1 file changed, 7 insertions(+), 7 deletions(-)
To https://github.com/findamak/findamak.github.io.git
   10f4b89..4ee9637  main -> main
Fetching stock prices at 2026-03-12T23:05:01.547326
✓ IREN: $41.9800 (+10.13%)
✓ CIFR: $14.1100 (+1.07%)
✓ STRC: $100.0300 (+0.01%)
✓ SPX: $6775.7998 (-0.08%)
✓ NDX: $24965.0098 (+0.03%)
✓ GOLD: $5182.6001 (+0.29%)
✓ SILVER: $87.0350 (+2.32%)
✓ USDAUD: $1.4016 (-0.19%)

✓ Saved to /home/amak/findamak.github.io/stock-prices.json
  Total tickers: 8

Pushing to GitHub...
✓ Pushed to GitHub
[main c1b0be5] Update stock prices at 2026-03-12 23:10
 1 file changed, 7 insertions(+), 7 deletions(-)
To https://github.com/findamak/findamak.github.io.git
   4ee9637..c1b0be5  main -> main
Fetching stock prices at 2026-03-12T23:10:00.871424
✓ IREN: $41.9800 (+10.13%)
✓ CIFR: $14.1100 (+1.07%)
✓ STRC: $100.0300 (+0.01%)
✓ SPX: $6775.7998 (-0.08%)
✓ NDX: $24965.0098 (+0.03%)
✓ GOLD: $5185.5000 (+0.35%)
✓ SILVER: $87.1650 (+2.47%)
✓ USDAUD: $1.4024 (-0.14%)

✓ Saved to /home/amak/findamak.github.io/stock-prices.json
  Total tickers: 8

Pushing to GitHub...
✓ Pushed to GitHub
[main 4977f42] Update stock prices at 2026-03-12 23:15
 1 file changed, 7 insertions(+), 7 deletions(-)
To https://github.com/findamak/findamak.github.io.git
   c1b0be5..4977f42  main -> main
Fetching stock prices at 2026-03-12T23:15:00.676696
✓ IREN: $41.9800 (+10.13%)
✓ CIFR: $14.1100 (+1.07%)
✓ STRC: $100.0300 (+0.01%)
✓ SPX: $6775.7998 (-0.08%)
✓ NDX: $24965.0098 (+0.03%)
✓ GOLD: $5180.2998 (+0.25%)
✓ SILVER: $87.2350 (+2.55%)
✓ USDAUD: $1.4018 (-0.18%)

✓ Saved to /home/amak/findamak.github.io/stock-prices.json
  Total tickers: 8

Pushing to GitHub...
✓ Pushed to GitHub
[main 3dc307d] Update stock prices at 2026-03-12 23:20
 1 file changed, 7 insertions(+), 7 deletions(-)
To https://github.com/findamak/findamak.github.io.git
   4977f42..3dc307d  main -> main
Fetching stock prices at 2026-03-12T23:20:01.331229
✓ IREN: $41.9800 (+10.13%)
✓ CIFR: $14.1100 (+1.07%)
✓ STRC: $100.0300 (+0.01%)
✓ SPX: $6775.7998 (-0.08%)
✓ NDX: $24965.0098 (+0.03%)
✓ GOLD: $5175.0000 (+0.15%)
✓ SILVER: $86.9550 (+2.22%)
✓ USDAUD: $1.4019 (-0.17%)

✓ Saved to /home/amak/findamak.github.io/stock-prices.json
  Total tickers: 8

Pushing to GitHub...
✓ Pushed to GitHub
[main 824e2a9] Update stock prices at 2026-03-12 23:25
 1 file changed, 7 insertions(+), 7 deletions(-)
To https://github.com/findamak/findamak.github.io.git
   3dc307d..824e2a9  main -> main
Fetching stock prices at 2026-03-12T23:25:00.973569
✓ IREN: $41.9800 (+10.13%)
✓ CIFR: $14.1100 (+1.07%)
✓ STRC: $100.0300 (+0.01%)
✓ SPX: $6775.7998 (-0.08%)
✓ NDX: $24965.0098 (+0.03%)
✓ GOLD: $5174.2998 (+0.13%)
✓ SILVER: $87.0750 (+2.36%)
✓ USDAUD: $1.4023 (-0.14%)

✓ Saved to /home/amak/findamak.github.io/stock-prices.json
  Total tickers: 8

Pushing to GitHub...
✓ Pushed to GitHub
[main 800ec83] Update stock prices at 2026-03-12 23:30
 1 file changed, 7 insertions(+), 7 deletions(-)
To https://github.com/findamak/findamak.github.io.git
   824e2a9..800ec83  main -> main
Fetching stock prices at 2026-03-12T23:30:00.613118
✓ IREN: $41.9800 (+10.13%)
✓ CIFR: $14.1100 (+1.07%)
✓ STRC: $100.0300 (+0.01%)
✓ SPX: $6775.7998 (-0.08%)
✓ NDX: $24965.0098 (+0.03%)
✓ GOLD: $5174.8999 (+0.15%)
✓ SILVER: $86.8450 (+2.09%)
✓ USDAUD: $1.4019 (-0.17%)

✓ Saved to /home/amak/findamak.github.io/stock-prices.json
  Total tickers: 8

Pushing to GitHub...
✓ Pushed to GitHub
[main 6605ae8] Update stock prices at 2026-03-12 23:35
 1 file changed, 7 insertions(+), 7 deletions(-)
To https://github.com/findamak/findamak.github.io.git
   800ec83..6605ae8  main -> main
Fetching stock prices at 2026-03-12T23:35:01.359808
✓ IREN: $41.9800 (+10.13%)
✓ CIFR: $14.1100 (+1.07%)
✓ STRC: $100.0300 (+0.01%)
✓ SPX: $6775.7998 (-0.08%)
✓ NDX: $24965.0098 (+0.03%)
✓ GOLD: $5176.8999 (+0.18%)
✓ SILVER: $87.0700 (+2.36%)
✓ USDAUD: $1.4027 (-0.11%)

✓ Saved to /home/amak/findamak.github.io/stock-prices.json
  Total tickers: 8

Pushing to GitHub...
✓ Pushed to GitHub
[main 2662608] Update stock prices at 2026-03-12 23:40
 1 file changed, 7 insertions(+), 7 deletions(-)
To https://github.com/findamak/findamak.github.io.git
   6605ae8..2662608  main -> main
Fetching stock prices at 2026-03-12T23:40:00.587883
✓ IREN: $41.9800 (+10.13%)
✓ CIFR: $14.1100 (+1.07%)
✓ STRC: $100.0300 (+0.01%)
✓ SPX: $6775.7998 (-0.08%)
✓ NDX: $24965.0098 (+0.03%)
✓ GOLD: $5179.3999 (+0.23%)
✓ SILVER: $87.1500 (+2.45%)
✓ USDAUD: $1.4025 (-0.13%)

✓ Saved to /home/amak/findamak.github.io/stock-prices.json
  Total tickers: 8

Pushing to GitHub...
✓ Pushed to GitHub
[main 0671da8] Update stock prices at 2026-03-12 23:45
 1 file changed, 6 insertions(+), 6 deletions(-)
To https://github.com/findamak/findamak.github.io.git
   2662608..0671da8  main -> main
Fetching stock prices at 2026-03-12T23:45:01.118513
✓ IREN: $41.9800 (+10.13%)
✓ CIFR: $14.1100 (+1.07%)
✓ STRC: $100.0300 (+0.01%)
✓ SPX: $6775.7998 (-0.08%)
✓ NDX: $24965.0098 (+0.03%)
✓ GOLD: $5179.2998 (+0.23%)
✓ SILVER: $87.4200 (+2.77%)
✓ USDAUD: $1.4020 (-0.16%)

✓ Saved to /home/amak/findamak.github.io/stock-prices.json
  Total tickers: 8

Pushing to GitHub...
✓ Pushed to GitHub
[main 197e3b4] Update stock prices at 2026-03-12 23:50
 1 file changed, 7 insertions(+), 7 deletions(-)
To https://github.com/findamak/findamak.github.io.git
   0671da8..197e3b4  main -> main
Fetching stock prices at 2026-03-12T23:50:00.781562
✓ IREN: $41.9800 (+10.13%)
✓ CIFR: $14.1100 (+1.07%)
✓ STRC: $100.0300 (+0.01%)
✓ SPX: $6775.7998 (-0.08%)
✓ NDX: $24965.0098 (+0.03%)
✓ GOLD: $5175.5000 (+0.16%)
✓ SILVER: $87.1950 (+2.50%)
✓ USDAUD: $1.4019 (-0.17%)

✓ Saved to /home/amak/findamak.github.io/stock-prices.json
  Total tickers: 8

Pushing to GitHub...
✓ Pushed to GitHub
[main bc6cb9f] Update stock prices at 2026-03-12 23:55
 1 file changed, 7 insertions(+), 7 deletions(-)
To https://github.com/findamak/findamak.github.io.git
   197e3b4..bc6cb9f  main -> main
Fetching stock prices at 2026-03-12T23:55:01.418414
✓ IREN: $41.9800 (+10.13%)
✓ CIFR: $14.1100 (+1.07%)
✓ STRC: $100.0300 (+0.01%)
✓ SPX: $6775.7998 (-0.08%)
✓ NDX: $24965.0098 (+0.03%)
✓ GOLD: $5180.8999 (+0.26%)
✓ SILVER: $87.2550 (+2.57%)
✓ USDAUD: $1.4020 (-0.16%)

✓ Saved to /home/amak/findamak.github.io/stock-prices.json
  Total tickers: 8

Pushing to GitHub...
✓ Pushed to GitHub
[main e6c687d] Update stock prices at 2026-03-13 00:00
 1 file changed, 7 insertions(+), 7 deletions(-)
To https://github.com/findamak/findamak.github.io.git
   bc6cb9f..e6c687d  main -> main
Fetching stock prices at 2026-03-13T00:00:01.366035
✓ IREN: $41.9800 (+10.13%)
✓ CIFR: $14.1100 (+1.07%)
✓ STRC: $100.0300 (+0.01%)
✓ SPX: $6775.7998 (-0.08%)
✓ NDX: $24965.0098 (+0.03%)
✓ GOLD: $5187.7002 (+0.39%)
✓ SILVER: $87.4450 (+2.80%)
✓ USDAUD: $1.4018 (-0.18%)

✓ Saved to /home/amak/findamak.github.io/stock-prices.json
  Total tickers: 8

Pushing to GitHub...
✓ Pushed to GitHub
[main 2e5c08d] Update stock prices at 2026-03-13 00:05
 1 file changed, 7 insertions(+), 7 deletions(-)
To https://github.com/findamak/findamak.github.io.git
   e6c687d..2e5c08d  main -> main
Fetching stock prices at 2026-03-13T00:05:01.440973
✓ IREN: $41.9800 (+10.13%)
✓ CIFR: $14.1100 (+1.07%)
✓ STRC: $100.0300 (+0.01%)
✓ SPX: $6775.7998 (-0.08%)
✓ NDX: $24965.0098 (+0.03%)
✓ GOLD: $5189.8999 (+0.44%)
✓ SILVER: $87.5600 (+2.93%)
✓ USDAUD: $1.4012 (-0.22%)

✓ Saved to /home/amak/findamak.github.io/stock-prices.json
  Total tickers: 8

Pushing to GitHub...
✓ Pushed to GitHub
[main a7157bc] Update stock prices at 2026-03-13 00:10
 1 file changed, 5 insertions(+), 5 deletions(-)
To https://github.com/findamak/findamak.github.io.git
   2e5c08d..a7157bc  main -> main
Fetching stock prices at 2026-03-13T00:10:00.814919
✓ IREN: $41.9800 (+10.13%)
✓ CIFR: $14.1100 (+1.07%)
✓ STRC: $100.0300 (+0.01%)
✓ SPX: $6775.7998 (-0.08%)
✓ NDX: $24965.0098 (+0.03%)
✓ GOLD: $5186.2002 (+0.36%)
✓ SILVER: $87.6400 (+3.03%)
✓ USDAUD: $1.4012 (-0.22%)

✓ Saved to /home/amak/findamak.github.io/stock-prices.json
  Total tickers: 8

Pushing to GitHub...
✓ Pushed to GitHub
[main fade397] Update stock prices at 2026-03-13 00:15
 1 file changed, 6 insertions(+), 6 deletions(-)
To https://github.com/findamak/findamak.github.io.git
   a7157bc..fade397  main -> main
Fetching stock prices at 2026-03-13T00:15:00.945871
✓ IREN: $41.9800 (+10.13%)
✓ CIFR: $14.1100 (+1.07%)
✓ STRC: $100.0300 (+0.01%)
✓ SPX: $6775.7998 (-0.08%)
✓ NDX: $24965.0098 (+0.03%)
✓ GOLD: $5186.0000 (+0.36%)
✓ SILVER: $87.3200 (+2.65%)
✓ USDAUD: $1.4036 (-0.05%)

✓ Saved to /home/amak/findamak.github.io/stock-prices.json
  Total tickers: 8

Pushing to GitHub...
✓ Pushed to GitHub
[main c09a272] Update stock prices at 2026-03-13 00:20
 1 file changed, 7 insertions(+), 7 deletions(-)
To https://github.com/findamak/findamak.github.io.git
   fade397..c09a272  main -> main
Fetching stock prices at 2026-03-13T00:20:00.588542
✓ IREN: $41.9800 (+10.13%)
✓ CIFR: $14.1100 (+1.07%)
✓ STRC: $100.0300 (+0.01%)
✓ SPX: $6775.7998 (-0.08%)
✓ NDX: $24965.0098 (+0.03%)
✓ GOLD: $5190.2002 (+0.44%)
✓ SILVER: $87.4800 (+2.84%)
✓ USDAUD: $1.4039 (-0.03%)

✓ Saved to /home/amak/findamak.github.io/stock-prices.json
  Total tickers: 8

Pushing to GitHub...
✓ Pushed to GitHub
[main 03b3990] Update stock prices at 2026-03-13 00:25
 1 file changed, 7 insertions(+), 7 deletions(-)
To https://github.com/findamak/findamak.github.io.git
   c09a272..03b3990  main -> main
Fetching stock prices at 2026-03-13T00:25:00.748141
✓ IREN: $41.9800 (+10.13%)
✓ CIFR: $14.1100 (+1.07%)
✓ STRC: $100.0300 (+0.01%)
✓ SPX: $6775.7998 (-0.08%)
✓ NDX: $24965.0098 (+0.03%)
✓ GOLD: $5190.7002 (+0.45%)
✓ SILVER: $87.4250 (+2.77%)
✓ USDAUD: $1.4043 (+0.00%)

✓ Saved to /home/amak/findamak.github.io/stock-prices.json
  Total tickers: 8

Pushing to GitHub...
✓ Pushed to GitHub
[main 604b810] Update stock prices at 2026-03-13 00:30
 1 file changed, 15 insertions(+), 15 deletions(-)
To https://github.com/findamak/findamak.github.io.git
   03b3990..604b810  main -> main
Fetching stock prices at 2026-03-13T00:30:01.569643
✓ IREN: $40.7600 (-2.91%)
✓ CIFR: $14.1100 (+0.00%)
✓ STRC: $100.0300 (+0.00%)
✓ SPX: $6725.4800 (-0.74%)
✓ NDX: $24965.0059 (+0.00%)
✓ GOLD: $5178.8999 (+0.22%)
✓ SILVER: $87.0550 (+2.34%)
✓ USDAUD: $1.4045 (+0.01%)

✓ Saved to /home/amak/findamak.github.io/stock-prices.json
  Total tickers: 8

Pushing to GitHub...
✓ Pushed to GitHub
[main 0a5f842] Update stock prices at 2026-03-13 00:35
 1 file changed, 17 insertions(+), 17 deletions(-)
To https://github.com/findamak/findamak.github.io.git
   604b810..0a5f842  main -> main
Fetching stock prices at 2026-03-13T00:35:00.705303
✓ IREN: $40.9699 (-2.41%)
✓ CIFR: $13.4300 (-4.82%)
✓ STRC: $100.0000 (-0.03%)
✓ SPX: $6721.0898 (-0.81%)
✓ NDX: $24792.4902 (-0.69%)
✓ GOLD: $5177.8999 (+0.20%)
✓ SILVER: $87.1600 (+2.46%)
✓ USDAUD: $1.4049 (+0.04%)

✓ Saved to /home/amak/findamak.github.io/stock-prices.json
  Total tickers: 8

Pushing to GitHub...
✓ Pushed to GitHub
[main 3ac27ff] Update stock prices at 2026-03-13 00:40
 1 file changed, 17 insertions(+), 17 deletions(-)
To https://github.com/findamak/findamak.github.io.git
   0a5f842..3ac27ff  main -> main
Fetching stock prices at 2026-03-13T00:40:00.952983
✓ IREN: $40.6388 (+0.00%)
✓ CIFR: $13.4400 (-4.75%)
✓ STRC: $100.0100 (-0.02%)
✓ SPX: $6723.4800 (-0.77%)
✓ NDX: $24789.6914 (-0.70%)
✓ GOLD: $5175.0000 (+0.15%)
✓ SILVER: $86.8250 (+2.07%)
✓ USDAUD: $1.4052 (+0.06%)

✓ Saved to /home/amak/findamak.github.io/stock-prices.json
  Total tickers: 8

Pushing to GitHub...
✓ Pushed to GitHub
[main 8f3a250] Update stock prices at 2026-03-13 00:45
 1 file changed, 16 insertions(+), 16 deletions(-)
To https://github.com/findamak/findamak.github.io.git
   3ac27ff..8f3a250  main -> main
Fetching stock prices at 2026-03-13T00:45:01.465804
✓ IREN: $40.4100 (-3.74%)
✓ CIFR: $13.3550 (-5.35%)
✓ STRC: $100.0050 (-0.02%)
✓ SPX: $6712.0698 (-0.94%)
✓ NDX: $24736.6270 (-0.91%)
✓ GOLD: $5173.2998 (+0.11%)
✓ SILVER: $86.6550 (+1.87%)
✓ USDAUD: $1.4060 (+0.12%)

✓ Saved to /home/amak/findamak.github.io/stock-prices.json
  Total tickers: 8

Pushing to GitHub...
✓ Pushed to GitHub
[main ede2b63] Update stock prices at 2026-03-13 00:50
 1 file changed, 14 insertions(+), 14 deletions(-)
To https://github.com/findamak/findamak.github.io.git
   8f3a250..ede2b63  main -> main
Fetching stock prices at 2026-03-13T00:50:00.847315
✓ IREN: $40.4200 (-3.72%)
✓ CIFR: $13.3800 (-5.17%)
✓ STRC: $100.0050 (-0.02%)
✓ SPX: $6712.2402 (-0.94%)
✓ NDX: $24720.2480 (-0.98%)
✓ GOLD: $5166.7002 (-0.01%)
✓ SILVER: $86.6050 (+1.81%)
✓ USDAUD: $1.4074 (+0.22%)

✓ Saved to /home/amak/findamak.github.io/stock-prices.json
  Total tickers: 8

Pushing to GitHub...
✓ Pushed to GitHub
[main 0dd7cb3] Update stock prices at 2026-03-13 00:55
 1 file changed, 15 insertions(+), 15 deletions(-)
To https://github.com/findamak/findamak.github.io.git
   ede2b63..0dd7cb3  main -> main
Fetching stock prices at 2026-03-13T00:55:01.143219
✓ IREN: $39.9200 (-4.91%)
✓ CIFR: $13.2000 (-6.45%)
✓ STRC: $100.0050 (-0.02%)
✓ SPX: $6701.6299 (-1.09%)
✓ NDX: $24650.2480 (-1.26%)
✓ GOLD: $5164.7002 (-0.05%)
✓ SILVER: $86.5200 (+1.71%)
✓ USDAUD: $1.4077 (+0.24%)

✓ Saved to /home/amak/findamak.github.io/stock-prices.json
  Total tickers: 8

Pushing to GitHub...
✓ Pushed to GitHub
[main d3e6c6b] Update stock prices at 2026-03-13 01:00
 1 file changed, 16 insertions(+), 16 deletions(-)
To https://github.com/findamak/findamak.github.io.git
   0dd7cb3..d3e6c6b  main -> main
Fetching stock prices at 2026-03-13T01:00:00.776264
✓ IREN: $40.0500 (-4.60%)
✓ CIFR: $13.2650 (-5.99%)
✓ STRC: $100.0061 (-0.02%)
✓ SPX: $6700.7598 (-1.11%)
✓ NDX: $24646.1621 (-1.28%)
✓ GOLD: $5161.2998 (-0.12%)
✓ SILVER: $86.5550 (+1.75%)
✓ USDAUD: $1.4085 (+0.30%)

✓ Saved to /home/amak/findamak.github.io/stock-prices.json
  Total tickers: 8

Pushing to GitHub...
✓ Pushed to GitHub
[main ee4b7d0] Update stock prices at 2026-03-13 01:05
 1 file changed, 17 insertions(+), 17 deletions(-)
To https://github.com/findamak/findamak.github.io.git
   d3e6c6b..ee4b7d0  main -> main
Fetching stock prices at 2026-03-13T01:05:01.033530
✓ IREN: $40.3500 (-3.88%)
✓ CIFR: $13.3700 (-5.24%)
✓ STRC: $100.0000 (-0.03%)
✓ SPX: $6714.0200 (-0.91%)
✓ NDX: $24698.2637 (-1.07%)
✓ GOLD: $5156.5000 (-0.21%)
✓ SILVER: $86.1000 (+1.22%)
✓ USDAUD: $1.4073 (+0.21%)

✓ Saved to /home/amak/findamak.github.io/stock-prices.json
  Total tickers: 8

Pushing to GitHub...
✓ Pushed to GitHub
[main 2e5c04d] Update stock prices at 2026-03-13 01:10
 1 file changed, 17 insertions(+), 17 deletions(-)
To https://github.com/findamak/findamak.github.io.git
   ee4b7d0..2e5c04d  main -> main
Fetching stock prices at 2026-03-13T01:10:00.705295
✓ IREN: $40.1300 (-4.41%)
✓ CIFR: $13.3400 (-5.46%)
✓ STRC: $100.0050 (-0.02%)
✓ SPX: $6714.4800 (-0.90%)
✓ NDX: $24687.2266 (-1.11%)
✓ GOLD: $5157.0000 (-0.20%)
✓ SILVER: $86.0750 (+1.19%)
✓ USDAUD: $1.4077 (+0.24%)

✓ Saved to /home/amak/findamak.github.io/stock-prices.json
  Total tickers: 8

Pushing to GitHub...
✓ Pushed to GitHub
[main 0fbdf7a] Update stock prices at 2026-03-13 01:15
 1 file changed, 16 insertions(+), 16 deletions(-)
To https://github.com/findamak/findamak.github.io.git
   2e5c04d..0fbdf7a  main -> main
Fetching stock prices at 2026-03-13T01:15:01.071603
✓ IREN: $40.0438 (-4.61%)
✓ CIFR: $13.3350 (+0.00%)
✓ STRC: $100.0100 (-0.02%)
✓ SPX: $6721.2402 (-0.81%)
✓ NDX: $24717.3398 (-0.99%)
✓ GOLD: $5169.1001 (+0.03%)
✓ SILVER: $86.4700 (+1.65%)
✓ USDAUD: $1.4070 (+0.19%)

✓ Saved to /home/amak/findamak.github.io/stock-prices.json
  Total tickers: 8

Pushing to GitHub...
✓ Pushed to GitHub
[main cde793b] Update stock prices at 2026-03-13 01:20
 1 file changed, 16 insertions(+), 16 deletions(-)
To https://github.com/findamak/findamak.github.io.git
   0fbdf7a..cde793b  main -> main
Fetching stock prices at 2026-03-13T01:20:00.839145
✓ IREN: $39.8500 (-5.07%)
✓ CIFR: $13.2300 (-6.24%)
✓ STRC: $100.0099 (-0.02%)
✓ SPX: $6707.2798 (-1.01%)
✓ NDX: $24665.5859 (-1.20%)
✓ GOLD: $5162.5000 (-0.09%)
✓ SILVER: $86.3250 (+1.48%)
✓ USDAUD: $1.4088 (+0.32%)

✓ Saved to /home/amak/findamak.github.io/stock-prices.json
  Total tickers: 8

Pushing to GitHub...
✓ Pushed to GitHub
[main 040e131] Update stock prices at 2026-03-13 01:25
 1 file changed, 16 insertions(+), 16 deletions(-)
To https://github.com/findamak/findamak.github.io.git
   cde793b..040e131  main -> main
Fetching stock prices at 2026-03-13T01:25:00.835768
✓ IREN: $39.8900 (-4.98%)
✓ CIFR: $13.2200 (-6.31%)
✓ STRC: $100.0100 (-0.02%)
✓ SPX: $6709.4302 (-0.98%)
✓ NDX: $24675.0410 (-1.16%)
✓ GOLD: $5168.8999 (+0.03%)
✓ SILVER: $86.6450 (+1.86%)
✓ USDAUD: $1.4087 (+0.31%)

✓ Saved to /home/amak/findamak.github.io/stock-prices.json
  Total tickers: 8

Pushing to GitHub...
✓ Pushed to GitHub
[main 3de9c9d] Update stock prices at 2026-03-13 01:30
 1 file changed, 16 insertions(+), 16 deletions(-)
To https://github.com/findamak/findamak.github.io.git
   040e131..3de9c9d  main -> main
Fetching stock prices at 2026-03-13T01:30:00.600215
✓ IREN: $39.6000 (-5.67%)
✓ CIFR: $13.0750 (-7.34%)
✓ STRC: $100.0099 (-0.02%)
✓ SPX: $6691.4199 (-1.25%)
✓ NDX: $24601.6777 (-1.46%)
✓ GOLD: $5162.1001 (-0.10%)
✓ SILVER: $86.0900 (+1.20%)
✓ USDAUD: $1.4091 (+0.34%)

✓ Saved to /home/amak/findamak.github.io/stock-prices.json
  Total tickers: 8

Pushing to GitHub...
✓ Pushed to GitHub
[main 1347c2f] Update stock prices at 2026-03-13 01:35
 1 file changed, 15 insertions(+), 15 deletions(-)
To https://github.com/findamak/findamak.github.io.git
   3de9c9d..1347c2f  main -> main
Fetching stock prices at 2026-03-13T01:35:00.941392
✓ IREN: $39.6100 (-5.65%)
✓ CIFR: $13.0900 (-7.23%)
✓ STRC: $100.0099 (-0.02%)
✓ SPX: $6690.5498 (+0.00%)
✓ NDX: $24585.2051 (-1.52%)
✓ GOLD: $5160.0000 (-0.14%)
✓ SILVER: $86.1250 (+1.25%)
✓ USDAUD: $1.4101 (+0.41%)

✓ Saved to /home/amak/findamak.github.io/stock-prices.json
  Total tickers: 8

Pushing to GitHub...
✓ Pushed to GitHub
[main f745a59] Update stock prices at 2026-03-13 01:40
 1 file changed, 15 insertions(+), 15 deletions(-)
To https://github.com/findamak/findamak.github.io.git
   1347c2f..f745a59  main -> main
Fetching stock prices at 2026-03-13T01:40:01.371747
✓ IREN: $39.5000 (-5.91%)
✓ CIFR: $13.0650 (-7.41%)
✓ STRC: $100.0150 (-0.01%)
✓ SPX: $6691.6099 (-1.24%)
✓ NDX: $24589.1270 (-1.51%)
✓ GOLD: $5159.2998 (-0.16%)
✓ SILVER: $85.9550 (+1.05%)
✓ USDAUD: $1.4101 (+0.41%)

✓ Saved to /home/amak/findamak.github.io/stock-prices.json
  Total tickers: 8

Pushing to GitHub...
✓ Pushed to GitHub
[main 9044cf8] Update stock prices at 2026-03-13 01:45
 1 file changed, 17 insertions(+), 17 deletions(-)
To https://github.com/findamak/findamak.github.io.git
   f745a59..9044cf8  main -> main
Fetching stock prices at 2026-03-13T01:45:01.171856
✓ IREN: $39.6700 (-5.50%)
✓ CIFR: $13.1850 (-6.56%)
✓ STRC: $100.0000 (-0.03%)
✓ SPX: $6700.0801 (-1.12%)
✓ NDX: $24624.7363 (-1.36%)
✓ GOLD: $5153.2002 (-0.27%)
✓ SILVER: $85.7900 (+0.85%)
✓ USDAUD: $1.4092 (+0.35%)

✓ Saved to /home/amak/findamak.github.io/stock-prices.json
  Total tickers: 8

Pushing to GitHub...
✓ Pushed to GitHub
[main dda5489] Update stock prices at 2026-03-13 01:50
 1 file changed, 17 insertions(+), 17 deletions(-)
To https://github.com/findamak/findamak.github.io.git
   9044cf8..dda5489  main -> main
Fetching stock prices at 2026-03-13T01:50:01.258336
✓ IREN: $39.4200 (-6.10%)
✓ CIFR: $13.1050 (-7.12%)
✓ STRC: $100.0050 (-0.02%)
✓ SPX: $6696.0498 (-1.18%)
✓ NDX: $24598.6094 (-1.47%)
✓ GOLD: $5151.7002 (-0.30%)
✓ SILVER: $85.7300 (+0.78%)
✓ USDAUD: $1.4101 (+0.41%)

✓ Saved to /home/amak/findamak.github.io/stock-prices.json
  Total tickers: 8

Pushing to GitHub...
✓ Pushed to GitHub
[main 066a9f1] Update stock prices at 2026-03-13 01:55
 1 file changed, 15 insertions(+), 15 deletions(-)
To https://github.com/findamak/findamak.github.io.git
   dda5489..066a9f1  main -> main
Fetching stock prices at 2026-03-13T01:55:00.603515
✓ IREN: $39.4100 (-6.12%)
✓ CIFR: $13.1153 (-7.05%)
✓ STRC: $100.0050 (-0.02%)
✓ SPX: $6695.4502 (-1.19%)
✓ NDX: $24604.8809 (-1.44%)
✓ GOLD: $5155.0000 (-0.24%)
✓ SILVER: $85.9500 (+1.04%)
✓ USDAUD: $1.4096 (+0.38%)

✓ Saved to /home/amak/findamak.github.io/stock-prices.json
  Total tickers: 8

Pushing to GitHub...
✓ Pushed to GitHub
[main c520bda] Update stock prices at 2026-03-13 02:00
 1 file changed, 15 insertions(+), 15 deletions(-)
To https://github.com/findamak/findamak.github.io.git
   066a9f1..c520bda  main -> main
Fetching stock prices at 2026-03-13T02:00:01.238090
✓ IREN: $39.4350 (-6.06%)
✓ CIFR: $13.1400 (-6.87%)
✓ STRC: $100.0050 (-0.02%)
✓ SPX: $6696.1001 (-1.18%)
✓ NDX: $24600.7031 (-1.46%)
✓ GOLD: $5147.7998 (-0.38%)
✓ SILVER: $85.5400 (+0.56%)
✓ USDAUD: $1.4102 (+0.42%)

✓ Saved to /home/amak/findamak.github.io/stock-prices.json
  Total tickers: 8

Pushing to GitHub...
✓ Pushed to GitHub
[main bf523b3] Update stock prices at 2026-03-13 02:05
 1 file changed, 16 insertions(+), 16 deletions(-)
To https://github.com/findamak/findamak.github.io.git
   c520bda..bf523b3  main -> main
Fetching stock prices at 2026-03-13T02:05:01.381213
✓ IREN: $39.7200 (-5.38%)
✓ CIFR: $13.2900 (-5.81%)
✓ STRC: $100.0061 (-0.02%)
✓ SPX: $6692.0498 (-1.24%)
✓ NDX: $24587.8301 (-1.51%)
✓ GOLD: $5147.5000 (-0.39%)
✓ SILVER: $85.6250 (+0.66%)
✓ USDAUD: $1.4118 (+0.53%)

✓ Saved to /home/amak/findamak.github.io/stock-prices.json
  Total tickers: 8

Pushing to GitHub...
✓ Pushed to GitHub
[main 4659ff5] Update stock prices at 2026-03-13 02:10
 1 file changed, 16 insertions(+), 16 deletions(-)
To https://github.com/findamak/findamak.github.io.git
   bf523b3..4659ff5  main -> main
Fetching stock prices at 2026-03-13T02:10:00.803670
✓ IREN: $39.4750 (-5.97%)
✓ CIFR: $13.2300 (-6.24%)
✓ STRC: $100.0050 (-0.02%)
✓ SPX: $6689.5098 (-1.27%)
✓ NDX: $24584.0039 (-1.53%)
✓ GOLD: $5149.7002 (-0.34%)
✓ SILVER: $85.7650 (+0.82%)
✓ USDAUD: $1.4120 (+0.55%)

✓ Saved to /home/amak/findamak.github.io/stock-prices.json
  Total tickers: 8

Pushing to GitHub...
✓ Pushed to GitHub
[main a4ec804] Update stock prices at 2026-03-13 02:15
 1 file changed, 16 insertions(+), 16 deletions(-)
To https://github.com/findamak/findamak.github.io.git
   4659ff5..a4ec804  main -> main
Fetching stock prices at 2026-03-13T02:15:00.951261
✓ IREN: $39.5500 (-5.79%)
✓ CIFR: $13.2414 (-6.16%)
✓ STRC: $100.0080 (-0.02%)
✓ SPX: $6684.8301 (-1.34%)
✓ NDX: $24565.7109 (-1.60%)
✓ GOLD: $5137.2998 (-0.58%)
✓ SILVER: $85.2800 (+0.25%)
✓ USDAUD: $1.4129 (+0.61%)

✓ Saved to /home/amak/findamak.github.io/stock-prices.json
  Total tickers: 8

Pushing to GitHub...
✓ Pushed to GitHub
[main 8a1fd15] Update stock prices at 2026-03-13 02:20
 1 file changed, 16 insertions(+), 16 deletions(-)
To https://github.com/findamak/findamak.github.io.git
   a4ec804..8a1fd15  main -> main
Fetching stock prices at 2026-03-13T02:20:01.567583
✓ IREN: $39.6100 (-5.65%)
✓ CIFR: $13.2700 (-5.95%)
✓ STRC: $100.0055 (-0.02%)
✓ SPX: $6683.8999 (-1.36%)
✓ NDX: $24563.0703 (-1.61%)
✓ GOLD: $5135.7998 (-0.61%)
✓ SILVER: $85.1550 (+0.11%)
✓ USDAUD: $1.4128 (+0.60%)

✓ Saved to /home/amak/findamak.github.io/stock-prices.json
  Total tickers: 8

Pushing to GitHub...
✓ Pushed to GitHub
[main 36eee4b] Update stock prices at 2026-03-13 02:25
 1 file changed, 16 insertions(+), 16 deletions(-)
To https://github.com/findamak/findamak.github.io.git
   8a1fd15..36eee4b  main -> main
Fetching stock prices at 2026-03-13T02:25:01.019649
✓ IREN: $39.5900 (-5.69%)
✓ CIFR: $13.2801 (-5.88%)
✓ STRC: $100.0050 (-0.02%)
✓ SPX: $6688.4102 (-1.29%)
✓ NDX: $24578.0371 (-1.55%)
✓ GOLD: $5130.6001 (-0.71%)
✓ SILVER: $85.0600 (-0.01%)
✓ USDAUD: $1.4118 (+0.53%)

✓ Saved to /home/amak/findamak.github.io/stock-prices.json
  Total tickers: 8

Pushing to GitHub...
✓ Pushed to GitHub
[main fec6184] Update stock prices at 2026-03-13 02:30
 1 file changed, 16 insertions(+), 16 deletions(-)
To https://github.com/findamak/findamak.github.io.git
   36eee4b..fec6184  main -> main
Fetching stock prices at 2026-03-13T02:30:01.328731
✓ IREN: $39.8500 (-5.07%)
✓ CIFR: $13.3850 (-5.14%)
✓ STRC: $100.0100 (-0.02%)
✓ SPX: $6692.0000 (-1.24%)
✓ NDX: $24597.2324 (-1.47%)
✓ GOLD: $5131.5000 (-0.69%)
✓ SILVER: $84.9800 (-0.10%)
✓ USDAUD: $1.4109 (+0.47%)

✓ Saved to /home/amak/findamak.github.io/stock-prices.json
  Total tickers: 8

Pushing to GitHub...
✓ Pushed to GitHub
[main c8b2573] Update stock prices at 2026-03-13 02:35
 1 file changed, 16 insertions(+), 16 deletions(-)
To https://github.com/findamak/findamak.github.io.git
   fec6184..c8b2573  main -> main
Fetching stock prices at 2026-03-13T02:35:01.482143
✓ IREN: $39.8291 (-5.12%)
✓ CIFR: $13.3750 (-5.21%)
✓ STRC: $100.0050 (-0.02%)
✓ SPX: $6689.2500 (-1.28%)
✓ NDX: $24591.3418 (-1.50%)
✓ GOLD: $5135.2998 (-0.62%)
✓ SILVER: $85.2250 (+0.19%)
✓ USDAUD: $1.4118 (+0.53%)

✓ Saved to /home/amak/findamak.github.io/stock-prices.json
  Total tickers: 8

Pushing to GitHub...
✓ Pushed to GitHub
[main 2c4cdb3] Update stock prices at 2026-03-13 02:40
 1 file changed, 16 insertions(+), 16 deletions(-)
To https://github.com/findamak/findamak.github.io.git
   c8b2573..2c4cdb3  main -> main
Fetching stock prices at 2026-03-13T02:40:01.423340
✓ IREN: $40.3200 (-3.95%)
✓ CIFR: $13.5650 (-3.86%)
✓ STRC: $100.0100 (-0.02%)
✓ SPX: $6707.1401 (-1.01%)
✓ NDX: $24661.3418 (-1.22%)
✓ GOLD: $5134.1001 (-0.64%)
✓ SILVER: $85.2600 (+0.23%)
✓ USDAUD: $1.4121 (+0.55%)

✓ Saved to /home/amak/findamak.github.io/stock-prices.json
  Total tickers: 8

Pushing to GitHub...
✓ Pushed to GitHub
[main 9cb031a] Update stock prices at 2026-03-13 02:45
 1 file changed, 16 insertions(+), 16 deletions(-)
To https://github.com/findamak/findamak.github.io.git
   2c4cdb3..9cb031a  main -> main
Fetching stock prices at 2026-03-13T02:45:00.960032
✓ IREN: $40.2950 (-4.01%)
✓ CIFR: $13.5900 (-3.69%)
✓ STRC: $100.0050 (-0.02%)
✓ SPX: $6708.7002 (-0.99%)
✓ NDX: $24669.0312 (-1.19%)
✓ GOLD: $5131.2998 (-0.70%)
✓ SILVER: $85.1200 (+0.06%)
✓ USDAUD: $1.4092 (+0.35%)

✓ Saved to /home/amak/findamak.github.io/stock-prices.json
  Total tickers: 8

Pushing to GitHub...
✓ Pushed to GitHub
[main bdfb17c] Update stock prices at 2026-03-13 02:50
 1 file changed, 15 insertions(+), 15 deletions(-)
To https://github.com/findamak/findamak.github.io.git
   9cb031a..bdfb17c  main -> main
Fetching stock prices at 2026-03-13T02:50:01.499720
✓ IREN: $40.2350 (-4.16%)
✓ CIFR: $13.5500 (-3.97%)
✓ STRC: $100.0099 (-0.02%)
✓ SPX: $6702.5298 (-1.08%)
✓ NDX: $24637.2383 (-1.31%)
✓ GOLD: $5135.7002 (-0.61%)
✓ SILVER: $85.3100 (+0.29%)
✓ USDAUD: $1.4093 (+0.35%)

✓ Saved to /home/amak/findamak.github.io/stock-prices.json
  Total tickers: 8

Pushing to GitHub...
✓ Pushed to GitHub
[main 19ef5e7] Update stock prices at 2026-03-13 02:55
 1 file changed, 15 insertions(+), 15 deletions(-)
To https://github.com/findamak/findamak.github.io.git
   bdfb17c..19ef5e7  main -> main
Fetching stock prices at 2026-03-13T02:55:01.236513
✓ IREN: $40.3100 (-3.98%)
✓ CIFR: $13.6250 (-3.44%)
✓ STRC: $100.0100 (+0.00%)
✓ SPX: $6705.8701 (-1.03%)
✓ NDX: $24656.0664 (-1.24%)
✓ GOLD: $5137.2002 (-0.58%)
✓ SILVER: $85.4800 (+0.49%)
✓ USDAUD: $1.4093 (+0.35%)

✓ Saved to /home/amak/findamak.github.io/stock-prices.json
  Total tickers: 8

Pushing to GitHub...
✓ Pushed to GitHub
[main 4b4e89f] Update stock prices at 2026-03-13 03:00
 1 file changed, 16 insertions(+), 16 deletions(-)
To https://github.com/findamak/findamak.github.io.git
   19ef5e7..4b4e89f  main -> main
Fetching stock prices at 2026-03-13T03:00:00.880305
✓ IREN: $40.4100 (-3.74%)
✓ CIFR: $13.6350 (-3.37%)
✓ STRC: $100.0100 (-0.02%)
✓ SPX: $6704.3999 (-1.05%)
✓ NDX: $24647.8379 (-1.27%)
✓ GOLD: $5135.8999 (-0.61%)
✓ SILVER: $85.3550 (+0.34%)
✓ USDAUD: $1.4107 (+0.45%)

✓ Saved to /home/amak/findamak.github.io/stock-prices.json
  Total tickers: 8

Pushing to GitHub...
✓ Pushed to GitHub
[main 9309f59] Update stock prices at 2026-03-13 03:05
 1 file changed, 16 insertions(+), 16 deletions(-)
To https://github.com/findamak/findamak.github.io.git
   4b4e89f..9309f59  main -> main
Fetching stock prices at 2026-03-13T03:05:01.210737
✓ IREN: $40.5300 (-3.45%)
✓ CIFR: $13.6680 (-3.13%)
✓ STRC: $100.0066 (-0.02%)
✓ SPX: $6710.6499 (-0.96%)
✓ NDX: $24672.4043 (-1.17%)
✓ GOLD: $5139.2998 (-0.54%)
✓ SILVER: $85.5250 (+0.54%)
✓ USDAUD: $1.4101 (+0.41%)

✓ Saved to /home/amak/findamak.github.io/stock-prices.json
  Total tickers: 8

Pushing to GitHub...
✓ Pushed to GitHub
[main f7ae78b] Update stock prices at 2026-03-13 03:10
 1 file changed, 16 insertions(+), 16 deletions(-)
To https://github.com/findamak/findamak.github.io.git
   9309f59..f7ae78b  main -> main
Fetching stock prices at 2026-03-13T03:10:01.421023
✓ IREN: $40.2500 (-4.12%)
✓ CIFR: $13.5102 (-4.25%)
✓ STRC: $100.0050 (-0.02%)
✓ SPX: $6690.1899 (-1.26%)
✓ NDX: $24584.7539 (-1.52%)
✓ GOLD: $5138.0000 (-0.57%)
✓ SILVER: $85.3800 (+0.37%)
✓ USDAUD: $1.4125 (+0.58%)

✓ Saved to /home/amak/findamak.github.io/stock-prices.json
  Total tickers: 8

Pushing to GitHub...
✓ Pushed to GitHub
[main 2fa88a9] Update stock prices at 2026-03-13 03:15
 1 file changed, 13 insertions(+), 13 deletions(-)
To https://github.com/findamak/findamak.github.io.git
   f7ae78b..2fa88a9  main -> main
Fetching stock prices at 2026-03-13T03:15:01.067247
✓ IREN: $40.2500 (-4.12%)
✓ CIFR: $13.5250 (+0.00%)
✓ STRC: $100.0050 (-0.02%)
✓ SPX: $6699.3999 (+0.00%)
✓ NDX: $24631.6992 (-1.34%)
✓ GOLD: $5139.3999 (-0.54%)
✓ SILVER: $85.5600 (+0.58%)
✓ USDAUD: $1.4113 (+0.50%)

✓ Saved to /home/amak/findamak.github.io/stock-prices.json
  Total tickers: 8

Pushing to GitHub...
✓ Pushed to GitHub
[main 01e6228] Update stock prices at 2026-03-13 03:20
 1 file changed, 15 insertions(+), 15 deletions(-)
To https://github.com/findamak/findamak.github.io.git
   2fa88a9..01e6228  main -> main
Fetching stock prices at 2026-03-13T03:20:01.503770
✓ IREN: $40.5400 (-3.43%)
✓ CIFR: $13.5900 (-3.69%)
✓ STRC: $100.0050 (-0.02%)
✓ SPX: $6708.0098 (-1.00%)
✓ NDX: $24656.7949 (-1.23%)
✓ GOLD: $5131.2002 (-0.70%)
✓ SILVER: $85.1750 (+0.13%)
✓ USDAUD: $1.4109 (+0.47%)

✓ Saved to /home/amak/findamak.github.io/stock-prices.json
  Total tickers: 8

Pushing to GitHub...
✓ Pushed to GitHub
[main 33868c6] Update stock prices at 2026-03-13 03:25
 1 file changed, 15 insertions(+), 15 deletions(-)
To https://github.com/findamak/findamak.github.io.git
   01e6228..33868c6  main -> main
Fetching stock prices at 2026-03-13T03:25:01.064603
✓ IREN: $40.6600 (-3.14%)
✓ CIFR: $13.6450 (-3.30%)
✓ STRC: $100.0050 (-0.02%)
✓ SPX: $6707.6499 (-1.01%)
✓ NDX: $24664.6797 (-1.20%)
✓ GOLD: $5134.3999 (-0.64%)
✓ SILVER: $85.3550 (+0.34%)
✓ USDAUD: $1.4095 (+0.37%)

✓ Saved to /home/amak/findamak.github.io/stock-prices.json
  Total tickers: 8

Pushing to GitHub...
✓ Pushed to GitHub
[main 934c1f0] Update stock prices at 2026-03-13 03:30
 1 file changed, 16 insertions(+), 16 deletions(-)
To https://github.com/findamak/findamak.github.io.git
   33868c6..934c1f0  main -> main
Fetching stock prices at 2026-03-13T03:30:00.591766
✓ IREN: $40.6400 (-3.19%)
✓ CIFR: $13.5700 (-3.83%)
✓ STRC: $100.0076 (-0.02%)
✓ SPX: $6698.7402 (-1.14%)
✓ NDX: $24618.7305 (-1.39%)
✓ GOLD: $5137.2998 (-0.58%)
✓ SILVER: $85.5050 (+0.52%)
✓ USDAUD: $1.4113 (+0.50%)

✓ Saved to /home/amak/findamak.github.io/stock-prices.json
  Total tickers: 8

Pushing to GitHub...
✓ Pushed to GitHub
[main e684bd6] Update stock prices at 2026-03-13 03:35
 1 file changed, 17 insertions(+), 17 deletions(-)
To https://github.com/findamak/findamak.github.io.git
   934c1f0..e684bd6  main -> main
Fetching stock prices at 2026-03-13T03:35:01.492548
✓ IREN: $40.8900 (-2.60%)
✓ CIFR: $13.6150 (-3.51%)
✓ STRC: $99.9700 (-0.06%)
✓ SPX: $6703.1401 (-1.07%)
✓ NDX: $24655.5020 (-1.24%)
✓ GOLD: $5140.0000 (-0.53%)
✓ SILVER: $85.5600 (+0.58%)
✓ USDAUD: $1.4109 (+0.47%)

✓ Saved to /home/amak/findamak.github.io/stock-prices.json
  Total tickers: 8

Pushing to GitHub...
✓ Pushed to GitHub
[main 1077bb2] Update stock prices at 2026-03-13 03:40
 1 file changed, 17 insertions(+), 17 deletions(-)
To https://github.com/findamak/findamak.github.io.git
   e684bd6..1077bb2  main -> main
Fetching stock prices at 2026-03-13T03:40:01.281919
✓ IREN: $41.0400 (-2.24%)
✓ CIFR: $13.6801 (-3.05%)
✓ STRC: $99.9950 (-0.03%)
✓ SPX: $6711.3101 (-0.95%)
✓ NDX: $24685.8457 (-1.12%)
✓ GOLD: $5137.1001 (-0.59%)
✓ SILVER: $85.5200 (+0.53%)
✓ USDAUD: $1.4101 (+0.41%)

✓ Saved to /home/amak/findamak.github.io/stock-prices.json
  Total tickers: 8

Pushing to GitHub...
✓ Pushed to GitHub
[main 2ec6f27] Update stock prices at 2026-03-13 03:45
 1 file changed, 17 insertions(+), 17 deletions(-)
To https://github.com/findamak/findamak.github.io.git
   1077bb2..2ec6f27  main -> main
Fetching stock prices at 2026-03-13T03:45:00.704073
✓ IREN: $41.0900 (-2.12%)
✓ CIFR: $13.6900 (-2.98%)
✓ STRC: $100.0050 (-0.02%)
✓ SPX: $6707.2500 (-1.01%)
✓ NDX: $24671.1074 (-1.18%)
✓ GOLD: $5136.2002 (-0.60%)
✓ SILVER: $85.4200 (+0.42%)
✓ USDAUD: $1.4091 (+0.34%)

✓ Saved to /home/amak/findamak.github.io/stock-prices.json
  Total tickers: 8

Pushing to GitHub...
✓ Pushed to GitHub
[main 50b39d0] Update stock prices at 2026-03-13 03:50
 1 file changed, 16 insertions(+), 16 deletions(-)
To https://github.com/findamak/findamak.github.io.git
   2ec6f27..50b39d0  main -> main
Fetching stock prices at 2026-03-13T03:50:00.947402
✓ IREN: $41.1950 (-1.87%)
✓ CIFR: $13.6750 (-3.08%)
✓ STRC: $100.0100 (-0.02%)
✓ SPX: $6698.9800 (-1.13%)
✓ NDX: $24640.0137 (-1.30%)
✓ GOLD: $5137.6001 (-0.58%)
✓ SILVER: $85.5600 (+0.58%)
✓ USDAUD: $1.4101 (+0.41%)

✓ Saved to /home/amak/findamak.github.io/stock-prices.json
  Total tickers: 8

Pushing to GitHub...
✓ Pushed to GitHub
[main c15649f] Update stock prices at 2026-03-13 03:55
 1 file changed, 16 insertions(+), 16 deletions(-)
To https://github.com/findamak/findamak.github.io.git
   50b39d0..c15649f  main -> main
Fetching stock prices at 2026-03-13T03:55:01.145930
✓ IREN: $41.1350 (-2.01%)
✓ CIFR: $13.6300 (-3.40%)
✓ STRC: $100.0099 (-0.02%)
✓ SPX: $6695.3701 (-1.19%)
✓ NDX: $24623.4551 (-1.37%)
✓ GOLD: $5141.3999 (-0.50%)
✓ SILVER: $85.6400 (+0.68%)
✓ USDAUD: $1.4102 (+0.42%)

✓ Saved to /home/amak/findamak.github.io/stock-prices.json
  Total tickers: 8

Pushing to GitHub...
✓ Pushed to GitHub
[main 2e0695c] Update stock prices at 2026-03-13 04:00
 1 file changed, 16 insertions(+), 16 deletions(-)
To https://github.com/findamak/findamak.github.io.git
   c15649f..2e0695c  main -> main
Fetching stock prices at 2026-03-13T04:00:01.216389
✓ IREN: $41.2150 (-1.82%)
✓ CIFR: $13.6050 (-3.58%)
✓ STRC: $100.0050 (-0.02%)
✓ SPX: $6698.8501 (+0.00%)
✓ NDX: $24642.3691 (-1.29%)
✓ GOLD: $5140.1001 (-0.53%)
✓ SILVER: $85.5850 (+0.61%)
✓ USDAUD: $1.4105 (+0.44%)

✓ Saved to /home/amak/findamak.github.io/stock-prices.json
  Total tickers: 8

Pushing to GitHub...
✓ Pushed to GitHub
[main 5700355] Update stock prices at 2026-03-13 04:05
 1 file changed, 16 insertions(+), 16 deletions(-)
To https://github.com/findamak/findamak.github.io.git
   2e0695c..5700355  main -> main
Fetching stock prices at 2026-03-13T04:05:01.451081
✓ IREN: $41.5050 (-1.13%)
✓ CIFR: $13.6650 (-3.15%)
✓ STRC: $100.0099 (-0.02%)
✓ SPX: $6707.2500 (-1.01%)
✓ NDX: $24674.5645 (-1.16%)
✓ GOLD: $5132.3999 (-0.68%)
✓ SILVER: $85.4350 (+0.43%)
✓ USDAUD: $1.4091 (+0.34%)

✓ Saved to /home/amak/findamak.github.io/stock-prices.json
  Total tickers: 8

Pushing to GitHub...
✓ Pushed to GitHub
[main 0e4890c] Update stock prices at 2026-03-13 04:10
 1 file changed, 16 insertions(+), 16 deletions(-)
To https://github.com/findamak/findamak.github.io.git
   5700355..0e4890c  main -> main
Fetching stock prices at 2026-03-13T04:10:01.464042
✓ IREN: $41.3128 (-1.59%)
✓ CIFR: $13.6901 (-2.98%)
✓ STRC: $100.0100 (-0.02%)
✓ SPX: $6700.0898 (-1.12%)
✓ NDX: $24650.8516 (-1.26%)
✓ GOLD: $5130.7998 (-0.71%)
✓ SILVER: $85.2750 (+0.25%)
✓ USDAUD: $1.4096 (+0.38%)

✓ Saved to /home/amak/findamak.github.io/stock-prices.json
  Total tickers: 8

Pushing to GitHub...
✓ Pushed to GitHub
[main 55294b8] Update stock prices at 2026-03-13 04:15
 1 file changed, 16 insertions(+), 16 deletions(-)
To https://github.com/findamak/findamak.github.io.git
   0e4890c..55294b8  main -> main
Fetching stock prices at 2026-03-13T04:15:01.502109
✓ IREN: $41.2150 (-1.82%)
✓ CIFR: $13.6550 (-3.22%)
✓ STRC: $100.0099 (-0.02%)
✓ SPX: $6697.1602 (-1.16%)
✓ NDX: $24641.8926 (-1.29%)
✓ GOLD: $5133.6001 (-0.65%)
✓ SILVER: $85.4600 (+0.46%)
✓ USDAUD: $1.4105 (+0.44%)

✓ Saved to /home/amak/findamak.github.io/stock-prices.json
  Total tickers: 8

Pushing to GitHub...
✓ Pushed to GitHub
[main 82b2332] Update stock prices at 2026-03-13 04:20
 1 file changed, 17 insertions(+), 17 deletions(-)
To https://github.com/findamak/findamak.github.io.git
   55294b8..82b2332  main -> main
Fetching stock prices at 2026-03-13T04:20:01.433188
✓ IREN: $41.1800 (-1.91%)
✓ CIFR: $13.6200 (-3.47%)
✓ STRC: $100.0039 (-0.03%)
✓ SPX: $6692.3901 (-1.23%)
✓ NDX: $24618.8027 (-1.39%)
✓ GOLD: $5131.7998 (-0.69%)
✓ SILVER: $85.4250 (+0.42%)
✓ USDAUD: $1.4103 (+0.43%)

✓ Saved to /home/amak/findamak.github.io/stock-prices.json
  Total tickers: 8

Pushing to GitHub...
✓ Pushed to GitHub
[main 95aca11] Update stock prices at 2026-03-13 04:25
 1 file changed, 17 insertions(+), 17 deletions(-)
To https://github.com/findamak/findamak.github.io.git
   82b2332..95aca11  main -> main
Fetching stock prices at 2026-03-13T04:25:01.096597
✓ IREN: $41.2200 (-1.81%)
✓ CIFR: $13.6100 (-3.54%)
✓ STRC: $100.0050 (-0.02%)
✓ SPX: $6702.0298 (-1.09%)
✓ NDX: $24658.6348 (-1.23%)
✓ GOLD: $5127.5000 (-0.77%)
✓ SILVER: $85.2500 (+0.22%)
✓ USDAUD: $1.4100 (+0.40%)

✓ Saved to /home/amak/findamak.github.io/stock-prices.json
  Total tickers: 8

Pushing to GitHub...
✓ Pushed to GitHub
[main 15ea93a] Update stock prices at 2026-03-13 04:30
 1 file changed, 15 insertions(+), 15 deletions(-)
To https://github.com/findamak/findamak.github.io.git
   95aca11..15ea93a  main -> main
Fetching stock prices at 2026-03-13T04:30:01.206114
✓ IREN: $41.2900 (-1.64%)
✓ CIFR: $13.5750 (-3.79%)
✓ STRC: $100.0050 (-0.02%)
✓ SPX: $6697.2202 (-1.16%)
✓ NDX: $24634.2559 (-1.32%)
✓ GOLD: $5125.2998 (-0.81%)
✓ SILVER: $85.2150 (+0.18%)
✓ USDAUD: $1.4103 (+0.43%)

✓ Saved to /home/amak/findamak.github.io/stock-prices.json
  Total tickers: 8

Pushing to GitHub...
✓ Pushed to GitHub
[main c57c7e0] Update stock prices at 2026-03-13 04:35
 1 file changed, 14 insertions(+), 14 deletions(-)
To https://github.com/findamak/findamak.github.io.git
   15ea93a..c57c7e0  main -> main
Fetching stock prices at 2026-03-13T04:35:01.349496
✓ IREN: $41.2550 (-1.73%)
✓ CIFR: $13.5600 (-3.90%)
✓ STRC: $100.0050 (-0.02%)
✓ SPX: $6699.4600 (-1.13%)
✓ NDX: $24641.8516 (-1.29%)
✓ GOLD: $5128.3999 (-0.75%)
✓ SILVER: $85.0750 (+0.01%)
✓ USDAUD: $1.4104 (+0.43%)

✓ Saved to /home/amak/findamak.github.io/stock-prices.json
  Total tickers: 8

Pushing to GitHub...
✓ Pushed to GitHub
[main 79ab3be] Update stock prices at 2026-03-13 04:40
 1 file changed, 16 insertions(+), 16 deletions(-)
To https://github.com/findamak/findamak.github.io.git
   c57c7e0..79ab3be  main -> main
Fetching stock prices at 2026-03-13T04:40:00.689533
✓ IREN: $41.3400 (-1.52%)
✓ CIFR: $13.6200 (-3.47%)
✓ STRC: $100.0100 (-0.02%)
✓ SPX: $6705.1401 (-1.04%)
✓ NDX: $24658.8613 (-1.23%)
✓ GOLD: $5125.0000 (-0.82%)
✓ SILVER: $85.0800 (+0.02%)
✓ USDAUD: $1.4102 (+0.42%)

✓ Saved to /home/amak/findamak.github.io/stock-prices.json
  Total tickers: 8

Pushing to GitHub...
✓ Pushed to GitHub
[main 4a69332] Update stock prices at 2026-03-13 04:45
 1 file changed, 17 insertions(+), 17 deletions(-)
To https://github.com/findamak/findamak.github.io.git
   79ab3be..4a69332  main -> main
Fetching stock prices at 2026-03-13T04:45:01.502041
✓ IREN: $41.2500 (-1.74%)
✓ CIFR: $13.5800 (-3.76%)
✓ STRC: $100.0039 (-0.03%)
✓ SPX: $6696.2002 (+0.00%)
✓ NDX: $24625.5645 (-1.36%)
✓ GOLD: $5119.0000 (-0.94%)
✓ SILVER: $84.9900 (-0.09%)
✓ USDAUD: $1.4104 (+0.43%)

✓ Saved to /home/amak/findamak.github.io/stock-prices.json
  Total tickers: 8

Pushing to GitHub...
✓ Pushed to GitHub
[main 3e8e10f] Update stock prices at 2026-03-13 04:50
 1 file changed, 17 insertions(+), 17 deletions(-)
To https://github.com/findamak/findamak.github.io.git
   4a69332..3e8e10f  main -> main
Fetching stock prices at 2026-03-13T04:50:01.465747
✓ IREN: $41.3891 (-1.41%)
✓ CIFR: $13.6100 (-3.54%)
✓ STRC: $100.0050 (-0.02%)
✓ SPX: $6692.9102 (-1.22%)
✓ NDX: $24609.5352 (-1.42%)
✓ GOLD: $5120.1001 (-0.92%)
✓ SILVER: $85.0450 (-0.02%)
✓ USDAUD: $1.4112 (+0.49%)

✓ Saved to /home/amak/findamak.github.io/stock-prices.json
  Total tickers: 8

Pushing to GitHub...
✓ Pushed to GitHub
[main 0e67965] Update stock prices at 2026-03-13 04:55
 1 file changed, 17 insertions(+), 17 deletions(-)
To https://github.com/findamak/findamak.github.io.git
   3e8e10f..0e67965  main -> main
Fetching stock prices at 2026-03-13T04:55:01.300906
✓ IREN: $41.6000 (-0.91%)
✓ CIFR: $13.6350 (-3.37%)
✓ STRC: $100.0000 (-0.03%)
✓ SPX: $6691.5698 (-1.24%)
✓ NDX: $24604.8984 (-1.44%)
✓ GOLD: $5117.2998 (-0.97%)
✓ SILVER: $85.1000 (+0.04%)
✓ USDAUD: $1.4111 (+0.48%)

✓ Saved to /home/amak/findamak.github.io/stock-prices.json
  Total tickers: 8

Pushing to GitHub...
✓ Pushed to GitHub
[main 199d137] Update stock prices at 2026-03-13 05:00
 1 file changed, 14 insertions(+), 14 deletions(-)
To https://github.com/findamak/findamak.github.io.git
   0e67965..199d137  main -> main
Fetching stock prices at 2026-03-13T05:00:00.687787
✓ IREN: $41.4550 (-1.25%)
✓ CIFR: $13.6250 (-3.44%)
✓ STRC: $100.0050 (-0.02%)
✓ SPX: $6692.5000 (-1.23%)
✓ NDX: $24605.6289 (-1.44%)
✓ GOLD: $5114.7002 (-1.02%)
✓ SILVER: $85.0650 (+0.00%)
✓ USDAUD: $1.4111 (+0.48%)

✓ Saved to /home/amak/findamak.github.io/stock-prices.json
  Total tickers: 8

Pushing to GitHub...
✓ Pushed to GitHub
[main 422c331] Update stock prices at 2026-03-13 05:05
 1 file changed, 15 insertions(+), 15 deletions(-)
To https://github.com/findamak/findamak.github.io.git
   199d137..422c331  main -> main
Fetching stock prices at 2026-03-13T05:05:00.966690
✓ IREN: $41.3450 (-1.51%)
✓ CIFR: $13.6000 (-3.61%)
✓ STRC: $100.0050 (-0.02%)
✓ SPX: $6696.0801 (-1.18%)
✓ NDX: $24620.7949 (-1.38%)
✓ GOLD: $5114.2998 (-1.03%)
✓ SILVER: $85.1150 (+0.06%)
✓ USDAUD: $1.4106 (+0.45%)

✓ Saved to /home/amak/findamak.github.io/stock-prices.json
  Total tickers: 8

Pushing to GitHub...
✓ Pushed to GitHub
[main 100a765] Update stock prices at 2026-03-13 05:10
 1 file changed, 14 insertions(+), 14 deletions(-)
To https://github.com/findamak/findamak.github.io.git
   422c331..100a765  main -> main
Fetching stock prices at 2026-03-13T05:10:01.195509
✓ IREN: $41.3000 (-1.62%)
✓ CIFR: $13.6550 (-3.22%)
✓ STRC: $100.0050 (-0.02%)
✓ SPX: $6697.3198 (-1.16%)
✓ NDX: $24630.8965 (-1.34%)
✓ GOLD: $5111.7002 (-1.08%)
✓ SILVER: $84.9600 (-0.12%)
✓ USDAUD: $1.4107 (+0.45%)

✓ Saved to /home/amak/findamak.github.io/stock-prices.json
  Total tickers: 8

Pushing to GitHub...
✓ Pushed to GitHub
[main 491caa5] Update stock prices at 2026-03-13 05:15
 1 file changed, 15 insertions(+), 15 deletions(-)
To https://github.com/findamak/findamak.github.io.git
   100a765..491caa5  main -> main
Fetching stock prices at 2026-03-13T05:15:01.293516
✓ IREN: $41.3600 (-1.48%)
✓ CIFR: $13.6600 (-3.19%)
✓ STRC: $100.0050 (-0.02%)
✓ SPX: $6700.7500 (-1.11%)
✓ NDX: $24636.1758 (-1.32%)
✓ GOLD: $5114.6001 (-1.02%)
✓ SILVER: $85.1850 (+0.14%)
✓ USDAUD: $1.4110 (+0.48%)

✓ Saved to /home/amak/findamak.github.io/stock-prices.json
  Total tickers: 8

Pushing to GitHub...
✓ Pushed to GitHub
[main 31a8f39] Update stock prices at 2026-03-13 05:20
 1 file changed, 13 insertions(+), 13 deletions(-)
To https://github.com/findamak/findamak.github.io.git
   491caa5..31a8f39  main -> main
Fetching stock prices at 2026-03-13T05:20:01.528854
✓ IREN: $41.3400 (-1.52%)
✓ CIFR: $13.6100 (-3.54%)
✓ STRC: $100.0050 (-0.02%)
✓ SPX: $6692.4702 (-1.23%)
✓ NDX: $24612.7109 (-1.41%)
✓ GOLD: $5114.2002 (-1.03%)
✓ SILVER: $85.1750 (+0.13%)
✓ USDAUD: $1.4110 (+0.48%)

✓ Saved to /home/amak/findamak.github.io/stock-prices.json
  Total tickers: 8

Pushing to GitHub...
✓ Pushed to GitHub
[main 1b01702] Update stock prices at 2026-03-13 05:25
 1 file changed, 15 insertions(+), 15 deletions(-)
To https://github.com/findamak/findamak.github.io.git
   31a8f39..1b01702  main -> main
Fetching stock prices at 2026-03-13T05:25:00.825030
✓ IREN: $41.4500 (-1.26%)
✓ CIFR: $13.6800 (-3.05%)
✓ STRC: $100.0050 (-0.02%)
✓ SPX: $6691.4302 (+0.00%)
✓ NDX: $24610.3750 (-1.42%)
✓ GOLD: $5115.1001 (-1.01%)
✓ SILVER: $85.2150 (+0.18%)
✓ USDAUD: $1.4115 (+0.51%)

✓ Saved to /home/amak/findamak.github.io/stock-prices.json
  Total tickers: 8

Pushing to GitHub...
✓ Pushed to GitHub
[main c96fdb1] Update stock prices at 2026-03-13 05:30
 1 file changed, 14 insertions(+), 14 deletions(-)
To https://github.com/findamak/findamak.github.io.git
   1b01702..c96fdb1  main -> main
Fetching stock prices at 2026-03-13T05:30:01.468257
✓ IREN: $41.4100 (+0.00%)
✓ CIFR: $13.6400 (-3.33%)
✓ STRC: $100.0050 (-0.02%)
✓ SPX: $6692.0498 (-1.24%)
✓ NDX: $24611.1758 (-1.42%)
✓ GOLD: $5113.1001 (-1.05%)
✓ SILVER: $85.0900 (+0.03%)
✓ USDAUD: $1.4121 (+0.55%)

✓ Saved to /home/amak/findamak.github.io/stock-prices.json
  Total tickers: 8

Pushing to GitHub...
✓ Pushed to GitHub
[main 64706c4] Update stock prices at 2026-03-13 05:35
 1 file changed, 16 insertions(+), 16 deletions(-)
To https://github.com/findamak/findamak.github.io.git
   c96fdb1..64706c4  main -> main
Fetching stock prices at 2026-03-13T05:35:01.313220
✓ IREN: $41.4900 (-1.17%)
✓ CIFR: $13.6650 (-3.15%)
✓ STRC: $100.0000 (-0.03%)
✓ SPX: $6689.3101 (-1.28%)
✓ NDX: $24599.4336 (-1.46%)
✓ GOLD: $5109.6001 (-1.12%)
✓ SILVER: $84.9500 (-0.14%)
✓ USDAUD: $1.4120 (+0.55%)

✓ Saved to /home/amak/findamak.github.io/stock-prices.json
  Total tickers: 8

Pushing to GitHub...
✓ Pushed to GitHub
[main 7269466] Update stock prices at 2026-03-13 05:40
 1 file changed, 16 insertions(+), 16 deletions(-)
To https://github.com/findamak/findamak.github.io.git
   64706c4..7269466  main -> main
Fetching stock prices at 2026-03-13T05:40:00.943546
✓ IREN: $41.6500 (-0.79%)
✓ CIFR: $13.7117 (-2.82%)
✓ STRC: $100.0050 (-0.02%)
✓ SPX: $6689.2798 (-1.28%)
✓ NDX: $24601.9004 (+0.00%)
✓ GOLD: $5110.3999 (-1.10%)
✓ SILVER: $84.9700 (-0.11%)
✓ USDAUD: $1.4124 (+0.57%)

✓ Saved to /home/amak/findamak.github.io/stock-prices.json
  Total tickers: 8

Pushing to GitHub...
✓ Pushed to GitHub
[main cc71541] Update stock prices at 2026-03-13 05:45
 1 file changed, 15 insertions(+), 15 deletions(-)
To https://github.com/findamak/findamak.github.io.git
   7269466..cc71541  main -> main
Fetching stock prices at 2026-03-13T05:45:00.886256
✓ IREN: $41.6100 (+0.00%)
✓ CIFR: $13.7200 (-2.76%)
✓ STRC: $100.0050 (-0.02%)
✓ SPX: $6687.6001 (-1.30%)
✓ NDX: $24592.3555 (-1.49%)
✓ GOLD: $5107.2002 (-1.16%)
✓ SILVER: $84.9900 (-0.09%)
✓ USDAUD: $1.4121 (+0.55%)

✓ Saved to /home/amak/findamak.github.io/stock-prices.json
  Total tickers: 8

Pushing to GitHub...
✓ Pushed to GitHub
[main 497c1ea] Update stock prices at 2026-03-13 05:50
 1 file changed, 15 insertions(+), 15 deletions(-)
To https://github.com/findamak/findamak.github.io.git
   cc71541..497c1ea  main -> main
Fetching stock prices at 2026-03-13T05:50:01.412059
✓ IREN: $41.5150 (-1.11%)
✓ CIFR: $13.6850 (-3.01%)
✓ STRC: $100.0050 (-0.02%)
✓ SPX: $6685.1699 (-1.34%)
✓ NDX: $24577.9004 (-1.55%)
✓ GOLD: $5106.5000 (-1.18%)
✓ SILVER: $85.0700 (+0.01%)
✓ USDAUD: $1.4123 (+0.57%)

✓ Saved to /home/amak/findamak.github.io/stock-prices.json
  Total tickers: 8

Pushing to GitHub...
✓ Pushed to GitHub
[main 0f6ba13] Update stock prices at 2026-03-13 05:55
 1 file changed, 15 insertions(+), 15 deletions(-)
To https://github.com/findamak/findamak.github.io.git
   497c1ea..0f6ba13  main -> main
Fetching stock prices at 2026-03-13T05:55:00.969931
✓ IREN: $41.5850 (-0.94%)
✓ CIFR: $13.7150 (-2.80%)
✓ STRC: $100.0050 (-0.02%)
✓ SPX: $6688.2998 (-1.29%)
✓ NDX: $24594.2402 (-1.49%)
✓ GOLD: $5104.8999 (-1.21%)
✓ SILVER: $85.0500 (-0.02%)
✓ USDAUD: $1.4117 (+0.52%)

✓ Saved to /home/amak/findamak.github.io/stock-prices.json
  Total tickers: 8

Pushing to GitHub...
✓ Pushed to GitHub
[main 97b095e] Update stock prices at 2026-03-13 06:00
 1 file changed, 17 insertions(+), 17 deletions(-)
To https://github.com/findamak/findamak.github.io.git
   0f6ba13..97b095e  main -> main
Fetching stock prices at 2026-03-13T06:00:01.524267
✓ IREN: $41.3900 (-1.41%)
✓ CIFR: $13.6050 (-3.58%)
✓ STRC: $100.0000 (-0.03%)
✓ SPX: $6684.1699 (-1.35%)
✓ NDX: $24579.2793 (-1.55%)
✓ GOLD: $5097.7002 (-1.35%)
✓ SILVER: $84.9150 (-0.18%)
✓ USDAUD: $1.4118 (+0.53%)

✓ Saved to /home/amak/findamak.github.io/stock-prices.json
  Total tickers: 8

Pushing to GitHub...
✓ Pushed to GitHub
[main 91f5eea] Update stock prices at 2026-03-13 06:05
 1 file changed, 17 insertions(+), 17 deletions(-)
To https://github.com/findamak/findamak.github.io.git
   97b095e..91f5eea  main -> main
Fetching stock prices at 2026-03-13T06:05:01.426594
✓ IREN: $41.3800 (-1.43%)
✓ CIFR: $13.5950 (-3.65%)
✓ STRC: $100.0099 (-0.02%)
✓ SPX: $6683.1299 (-1.37%)
✓ NDX: $24571.8457 (-1.57%)
✓ GOLD: $5104.0000 (-1.23%)
✓ SILVER: $85.1550 (+0.11%)
✓ USDAUD: $1.4119 (+0.54%)

✓ Saved to /home/amak/findamak.github.io/stock-prices.json
  Total tickers: 8

Pushing to GitHub...
✓ Pushed to GitHub
[main 5a8eb30] Update stock prices at 2026-03-13 06:10
 1 file changed, 16 insertions(+), 16 deletions(-)
To https://github.com/findamak/findamak.github.io.git
   91f5eea..5a8eb30  main -> main
Fetching stock prices at 2026-03-13T06:10:00.654229
✓ IREN: $41.3000 (-1.62%)
✓ CIFR: $13.5550 (-3.93%)
✓ STRC: $100.0061 (-0.02%)
✓ SPX: $6686.5498 (-1.32%)
✓ NDX: $24579.2988 (-1.55%)
✓ GOLD: $5099.0000 (-1.32%)
✓ SILVER: $84.9050 (-0.19%)
✓ USDAUD: $1.4114 (+0.50%)

✓ Saved to /home/amak/findamak.github.io/stock-prices.json
  Total tickers: 8

Pushing to GitHub...
✓ Pushed to GitHub
[main 42468b2] Update stock prices at 2026-03-13 06:15
 1 file changed, 16 insertions(+), 16 deletions(-)
To https://github.com/findamak/findamak.github.io.git
   5a8eb30..42468b2  main -> main
Fetching stock prices at 2026-03-13T06:15:00.975356
✓ IREN: $41.4000 (-1.38%)
✓ CIFR: $13.6200 (-3.47%)
✓ STRC: $100.0100 (-0.02%)
✓ SPX: $6685.7798 (-1.33%)
✓ NDX: $24571.6074 (-1.58%)
✓ GOLD: $5093.2998 (-1.43%)
✓ SILVER: $84.8150 (-0.29%)
✓ USDAUD: $1.4118 (+0.53%)

✓ Saved to /home/amak/findamak.github.io/stock-prices.json
  Total tickers: 8

Pushing to GitHub...
✓ Pushed to GitHub
[main 8dc63e1] Update stock prices at 2026-03-13 06:20
 1 file changed, 16 insertions(+), 16 deletions(-)
To https://github.com/findamak/findamak.github.io.git
   42468b2..8dc63e1  main -> main
Fetching stock prices at 2026-03-13T06:20:01.337702
✓ IREN: $41.4800 (-1.19%)
✓ CIFR: $13.6400 (-3.33%)
✓ STRC: $100.0050 (-0.02%)
✓ SPX: $6687.5200 (-1.30%)
✓ NDX: $24580.1875 (-1.54%)
✓ GOLD: $5097.8999 (-1.34%)
✓ SILVER: $85.0200 (-0.05%)
✓ USDAUD: $1.4119 (+0.54%)

✓ Saved to /home/amak/findamak.github.io/stock-prices.json
  Total tickers: 8

Pushing to GitHub...
✓ Pushed to GitHub
[main b46b22d] Update stock prices at 2026-03-13 06:25
 1 file changed, 16 insertions(+), 16 deletions(-)
To https://github.com/findamak/findamak.github.io.git
   8dc63e1..b46b22d  main -> main
Fetching stock prices at 2026-03-13T06:25:01.056098
✓ IREN: $41.5150 (-1.11%)
✓ CIFR: $13.6800 (-3.05%)
✓ STRC: $100.0099 (-0.02%)
✓ SPX: $6688.7300 (-1.29%)
✓ NDX: $24586.4570 (-1.52%)
✓ GOLD: $5090.3999 (-1.49%)
✓ SILVER: $85.0650 (+0.00%)
✓ USDAUD: $1.4120 (+0.55%)

✓ Saved to /home/amak/findamak.github.io/stock-prices.json
  Total tickers: 8

Pushing to GitHub...
✓ Pushed to GitHub
[main df9a846] Update stock prices at 2026-03-13 06:30
 1 file changed, 16 insertions(+), 16 deletions(-)
To https://github.com/findamak/findamak.github.io.git
   b46b22d..df9a846  main -> main
Fetching stock prices at 2026-03-13T06:30:00.994133
✓ IREN: $41.5000 (-1.14%)
✓ CIFR: $13.7400 (-2.62%)
✓ STRC: $100.0100 (-0.02%)
✓ SPX: $6690.3599 (-1.26%)
✓ NDX: $24593.6035 (-1.49%)
✓ GOLD: $5092.0000 (-1.46%)
✓ SILVER: $84.9400 (-0.15%)
✓ USDAUD: $1.4119 (+0.54%)

✓ Saved to /home/amak/findamak.github.io/stock-prices.json
  Total tickers: 8

Pushing to GitHub...
✓ Pushed to GitHub
[main 44f74a9] Update stock prices at 2026-03-13 06:35
 1 file changed, 16 insertions(+), 16 deletions(-)
To https://github.com/findamak/findamak.github.io.git
   df9a846..44f74a9  main -> main
Fetching stock prices at 2026-03-13T06:35:01.223714
✓ IREN: $41.6650 (-0.75%)
✓ CIFR: $13.8300 (-1.98%)
✓ STRC: $100.0093 (-0.02%)
✓ SPX: $6693.9302 (-1.21%)
✓ NDX: $24607.0586 (-1.43%)
✓ GOLD: $5098.7002 (-1.33%)
✓ SILVER: $85.0500 (-0.02%)
✓ USDAUD: $1.4115 (+0.51%)

✓ Saved to /home/amak/findamak.github.io/stock-prices.json
  Total tickers: 8

Pushing to GitHub...
✓ Pushed to GitHub
[main 18cdc0c] Update stock prices at 2026-03-13 06:40
 1 file changed, 16 insertions(+), 16 deletions(-)
To https://github.com/findamak/findamak.github.io.git
   44f74a9..18cdc0c  main -> main
Fetching stock prices at 2026-03-13T06:40:00.617929
✓ IREN: $41.4500 (-1.26%)
✓ CIFR: $13.7450 (-2.59%)
✓ STRC: $100.0100 (-0.02%)
✓ SPX: $6689.8501 (-1.27%)
✓ NDX: $24586.8789 (-1.51%)
✓ GOLD: $5099.7998 (-1.31%)
✓ SILVER: $85.1000 (+0.04%)
✓ USDAUD: $1.4114 (+0.50%)

✓ Saved to /home/amak/findamak.github.io/stock-prices.json
  Total tickers: 8

Pushing to GitHub...
✓ Pushed to GitHub
[main 77a5963] Update stock prices at 2026-03-13 06:45
 1 file changed, 16 insertions(+), 16 deletions(-)
To https://github.com/findamak/findamak.github.io.git
   18cdc0c..77a5963  main -> main
Fetching stock prices at 2026-03-13T06:45:00.730304
✓ IREN: $41.1800 (-1.91%)
✓ CIFR: $13.6900 (-2.98%)
✓ STRC: $100.0050 (-0.02%)
✓ SPX: $6682.4702 (-1.38%)
✓ NDX: $24563.4668 (-1.61%)
✓ GOLD: $5100.8999 (-1.29%)
✓ SILVER: $85.0900 (+0.03%)
✓ USDAUD: $1.4117 (+0.52%)

✓ Saved to /home/amak/findamak.github.io/stock-prices.json
  Total tickers: 8

Pushing to GitHub...
✓ Pushed to GitHub
